Using pre-set license
Built from '2021.3/staging' branch; Version is '2021.3.7f1 (24e8595d6d43) revision 2418777'; Using compiler version '192829333'; Build Type 'Release'
OS: 'Windows 10  (10.0.19044) 64bit Professional' Language: 'ko' Physical Memory: 15761 MB
BatchMode: 1, IsHumanControllingUs: 0, StartBugReporterOnCrash: 0, Is64bit: 1, IsPro: 1

COMMAND LINE ARGUMENTS:
C:\Program Files\Unity\Hub\Editor\2021.3.7f1\Editor\Unity.exe
-adb2
-batchMode
-noUpm
-name
AssetImportWorker2
-projectPath
C:/Users/User/Desktop/onechance03/DDC/DDC/DidUWalk
-logFile
Logs/AssetImportWorker2.log
-srvPort
52982
Successfully changed project path to: C:/Users/User/Desktop/onechance03/DDC/DDC/DidUWalk
C:/Users/User/Desktop/onechance03/DDC/DDC/DidUWalk
[UnityMemory] Configuration Parameters - Can be set up in boot.config
    "memorysetup-bucket-allocator-granularity=16"
    "memorysetup-bucket-allocator-bucket-count=8"
    "memorysetup-bucket-allocator-block-size=33554432"
    "memorysetup-bucket-allocator-block-count=8"
    "memorysetup-main-allocator-block-size=16777216"
    "memorysetup-thread-allocator-block-size=16777216"
    "memorysetup-gfx-main-allocator-block-size=16777216"
    "memorysetup-gfx-thread-allocator-block-size=16777216"
    "memorysetup-cache-allocator-block-size=4194304"
    "memorysetup-typetree-allocator-block-size=2097152"
    "memorysetup-profiler-bucket-allocator-granularity=16"
    "memorysetup-profiler-bucket-allocator-bucket-count=8"
    "memorysetup-profiler-bucket-allocator-block-size=33554432"
    "memorysetup-profiler-bucket-allocator-block-count=8"
    "memorysetup-profiler-allocator-block-size=16777216"
    "memorysetup-profiler-editor-allocator-block-size=1048576"
    "memorysetup-temp-allocator-size-main=16777216"
    "memorysetup-job-temp-allocator-block-size=2097152"
    "memorysetup-job-temp-allocator-block-size-background=1048576"
    "memorysetup-job-temp-allocator-reduction-small-platforms=262144"
    "memorysetup-temp-allocator-size-background-worker=32768"
    "memorysetup-temp-allocator-size-job-worker=262144"
    "memorysetup-temp-allocator-size-preload-manager=33554432"
    "memorysetup-temp-allocator-size-nav-mesh-worker=65536"
    "memorysetup-temp-allocator-size-audio-worker=65536"
    "memorysetup-temp-allocator-size-cloud-worker=32768"
    "memorysetup-temp-allocator-size-gi-baking-worker=262144"
    "memorysetup-temp-allocator-size-gfx=262144"
Refreshing native plugins compatible for Editor in 75.80 ms, found 3 plugins.
Preloading 0 native plugins for Editor in 0.00 ms.
Initialize engine version: 2021.3.7f1 (24e8595d6d43)
[Subsystems] Discovering subsystems at path C:/Program Files/Unity/Hub/Editor/2021.3.7f1/Editor/Data/Resources/UnitySubsystems
[Subsystems] Discovering subsystems at path C:/Users/User/Desktop/onechance03/DDC/DDC/DidUWalk/Assets
GfxDevice: creating device client; threaded=0; jobified=0
Direct3D:
    Version:  Direct3D 11.0 [level 11.1]
    Renderer: AMD Radeon(TM) Graphics (ID=0x1638)
    Vendor:   ATI
    VRAM:     7880 MB
    Driver:   30.0.13023.4001
Initialize mono
Mono path[0] = 'C:/Program Files/Unity/Hub/Editor/2021.3.7f1/Editor/Data/Managed'
Mono path[1] = 'C:/Program Files/Unity/Hub/Editor/2021.3.7f1/Editor/Data/MonoBleedingEdge/lib/mono/unityjit-win32'
Mono config path = 'C:/Program Files/Unity/Hub/Editor/2021.3.7f1/Editor/Data/MonoBleedingEdge/etc'
Using monoOptions --debugger-agent=transport=dt_socket,embedding=1,server=y,suspend=n,address=127.0.0.1:56372
Begin MonoManager ReloadAssembly
Registering precompiled unity dll's ...
Register platform support module: C:/Program Files/Unity/Hub/Editor/2021.3.7f1/Editor/Data/PlaybackEngines/WebGLSupport/UnityEditor.WebGL.Extensions.dll
Register platform support module: C:/Program Files/Unity/Hub/Editor/2021.3.7f1/Editor/Data/PlaybackEngines/AndroidPlayer/UnityEditor.Android.Extensions.dll
Register platform support module: C:/Program Files/Unity/Hub/Editor/2021.3.7f1/Editor/Data/PlaybackEngines/iOSSupport/UnityEditor.iOS.Extensions.dll
Register platform support module: C:/Program Files/Unity/Hub/Editor/2021.3.7f1/Editor/Data/PlaybackEngines/WindowsStandaloneSupport/UnityEditor.WindowsStandalone.Extensions.dll
Registered in 0.017733 seconds.
Native extension for WindowsStandalone target not found
[usbmuxd] Start listen thread
[usbmuxd] Listen thread started
Native extension for iOS target not found
Native extension for Android target not found
Native extension for WebGL target not found
Refreshing native plugins compatible for Editor in 67.45 ms, found 3 plugins.
Preloading 0 native plugins for Editor in 0.00 ms.
Mono: successfully reloaded assembly
- Completed reload, in  0.598 seconds
Domain Reload Profiling:
	ReloadAssembly (599ms)
		BeginReloadAssembly (86ms)
			ExecutionOrderSort (0ms)
			DisableScriptedObjects (0ms)
			BackupInstance (0ms)
			ReleaseScriptingObjects (0ms)
			CreateAndSetChildDomain (1ms)
		EndReloadAssembly (401ms)
			LoadAssemblies (84ms)
			RebuildTransferFunctionScriptingTraits (0ms)
			SetupTypeCache (85ms)
			ReleaseScriptCaches (0ms)
			RebuildScriptCaches (21ms)
			SetupLoadedEditorAssemblies (247ms)
				LogAssemblyErrors (0ms)
				InitializePlatformSupportModulesInManaged (60ms)
				SetLoadedEditorAssemblies (0ms)
				RefreshPlugins (68ms)
				BeforeProcessingInitializeOnLoad (1ms)
				ProcessInitializeOnLoadAttributes (81ms)
				ProcessInitializeOnLoadMethodAttributes (37ms)
				AfterProcessingInitializeOnLoad (0ms)
				EditorAssembliesLoaded (0ms)
			ExecutionOrderSort2 (0ms)
			AwakeInstancesAfterBackupRestoration (0ms)
Platform modules already initialized, skipping
Registering precompiled user dll's ...
Registered in 0.009246 seconds.
Begin MonoManager ReloadAssembly
Symbol file LoadedFromMemory doesn't match image C:\Users\User\Desktop\onechance03\DDC\DDC\DidUWalk\Library\PackageCache\com.unity.visualscripting@1.7.8\Editor\VisualScripting.Core\Dependencies\YamlDotNet\Unity.VisualScripting.YamlDotNet.dll
Symbol file LoadedFromMemory doesn't match image C:\Users\User\Desktop\onechance03\DDC\DDC\DidUWalk\Library\PackageCache\com.unity.visualscripting@1.7.8\Editor\VisualScripting.Core\Dependencies\DotNetZip\Unity.VisualScripting.IonicZip.dll
Native extension for WindowsStandalone target not found
Native extension for iOS target not found
Native extension for Android target not found
Native extension for WebGL target not found
Refreshing native plugins compatible for Editor in 0.66 ms, found 3 plugins.
Preloading 0 native plugins for Editor in 0.00 ms.
Mono: successfully reloaded assembly
- Completed reload, in  1.581 seconds
Domain Reload Profiling:
	ReloadAssembly (1582ms)
		BeginReloadAssembly (771ms)
			ExecutionOrderSort (0ms)
			DisableScriptedObjects (5ms)
			BackupInstance (0ms)
			ReleaseScriptingObjects (0ms)
			CreateAndSetChildDomain (679ms)
		EndReloadAssembly (713ms)
			LoadAssemblies (98ms)
			RebuildTransferFunctionScriptingTraits (0ms)
			SetupTypeCache (210ms)
			ReleaseScriptCaches (0ms)
			RebuildScriptCaches (42ms)
			SetupLoadedEditorAssemblies (342ms)
				LogAssemblyErrors (0ms)
				InitializePlatformSupportModulesInManaged (27ms)
				SetLoadedEditorAssemblies (0ms)
				RefreshPlugins (1ms)
				BeforeProcessingInitializeOnLoad (91ms)
				ProcessInitializeOnLoadAttributes (187ms)
				ProcessInitializeOnLoadMethodAttributes (23ms)
				AfterProcessingInitializeOnLoad (13ms)
				EditorAssembliesLoaded (0ms)
			ExecutionOrderSort2 (0ms)
			AwakeInstancesAfterBackupRestoration (5ms)
Platform modules already initialized, skipping
========================================================================
Worker process is ready to serve import requests
Launched and connected shader compiler UnityShaderCompiler.exe after 0.04 seconds
Refreshing native plugins compatible for Editor in 0.64 ms, found 3 plugins.
Preloading 0 native plugins for Editor in 0.00 ms.
Unloading 3377 Unused Serialized files (Serialized files now loaded: 0)
Unloading 27 unused Assets / (111.0 KB). Loaded Objects now: 3840.
Memory consumption went from 119.4 MB to 119.3 MB.
Total: 2.588200 ms (FindLiveObjects: 0.203800 ms CreateObjectMapping: 0.089600 ms MarkObjects: 2.188000 ms  DeleteObjects: 0.106200 ms)

AssetImportParameters requested are different than current active one (requested -> active):
  custom:video-decoder-ogg-theora: a1e56fd34408186e4bbccfd4996cb3dc -> 
  custom:container-muxer-webm: aa71ff27fc2769a1b78a27578f13a17b -> 
  custom:container-demuxer-webm: 4f35f7cbe854078d1ac9338744f61a02 -> 
  custom:video-encoder-webm-vp8: eb34c28f22e8b96e1ab97ce403110664 -> 
  custom:audio-encoder-webm-vorbis: bf7c407c2cedff20999df2af8eb42d56 -> 
  custom:framework-win-MediaFoundation: 216162199b28c13a410421893ffa2e32 -> 
  custom:container-demuxer-ogg: 62fdf1f143b41e24485cea50d1cbac27 -> 
  custom:video-decoder-webm-vp8: 9c59270c3fd7afecdb556c50c9e8de78 -> 
  custom:audio-decoder-ogg-vorbis: bf7c407c2cedff20999df2af8eb42d56 -> 
========================================================================
Received Import Request.
  Time since last request: 415858.286620 seconds.
  path: Assets/EnvironmentPack/FurnitureStoreExterior/Textures/FurnitureStore.png
  artifactKey: Guid(2b72c60ae3f2d0d4b84790ca50e30229) Importer(815301076,1909f56bfc062723c751e8b465ee728b)
Start importing Assets/EnvironmentPack/FurnitureStoreExterior/Textures/FurnitureStore.png using Guid(2b72c60ae3f2d0d4b84790ca50e30229) Importer(815301076,1909f56bfc062723c751e8b465ee728b)  -> (artifact id: 'dcc7c5880aecf8a57b5d6b755b8acdc8') in 0.079077 seconds 
========================================================================
Received Import Request.
  Time since last request: 2.202634 seconds.
  path: Assets/EnvironmentPack/FurnitureStoreExterior/README.txt
  artifactKey: Guid(12bc74a4ffd142c44a89db5a97b0f52a) Importer(815301076,1909f56bfc062723c751e8b465ee728b)
Start importing Assets/EnvironmentPack/FurnitureStoreExterior/README.txt using Guid(12bc74a4ffd142c44a89db5a97b0f52a) Importer(815301076,1909f56bfc062723c751e8b465ee728b)  -> (artifact id: '2310bea749187403f8a560408edc2ecb') in 0.010202 seconds 
========================================================================
Received Import Request.
  Time since last request: 102.213218 seconds.
  path: Assets/SimpleShopInteriors/_Textures
  artifactKey: Guid(101dfb663cf4b2247a776bced1f4fa52) Importer(815301076,1909f56bfc062723c751e8b465ee728b)
Start importing Assets/SimpleShopInteriors/_Textures using Guid(101dfb663cf4b2247a776bced1f4fa52) Importer(815301076,1909f56bfc062723c751e8b465ee728b)  -> (artifact id: 'e32480b6f17c2efb305a4cbb9138cff7') in 0.003443 seconds 
========================================================================
Received Import Request.
  Time since last request: 0.061117 seconds.
  path: Assets/SimpleShopInteriors/_Textures/Net_Alpha.png
  artifactKey: Guid(3dd9015618216ea4eacce863e167f41a) Importer(815301076,1909f56bfc062723c751e8b465ee728b)
Start importing Assets/SimpleShopInteriors/_Textures/Net_Alpha.png using Guid(3dd9015618216ea4eacce863e167f41a) Importer(815301076,1909f56bfc062723c751e8b465ee728b)  -> (artifact id: 'c95ba3021843ce2698f07c40a06d75d2') in 0.015269 seconds 
========================================================================
Received Import Request.
  Time since last request: 11.469914 seconds.
  path: Assets/SimpleShopInteriors/_Materials
  artifactKey: Guid(b1c159bba41822547a98fbd2a5023a8c) Importer(815301076,1909f56bfc062723c751e8b465ee728b)
Start importing Assets/SimpleShopInteriors/_Materials using Guid(b1c159bba41822547a98fbd2a5023a8c) Importer(815301076,1909f56bfc062723c751e8b465ee728b)  -> (artifact id: '5f4256360240b18909b4e8d5c1a070ec') in 0.003400 seconds 
========================================================================
Received Import Request.
  Time since last request: 0.043458 seconds.
  path: Assets/SimpleShopInteriors/_Materials/New Material.mat
  artifactKey: Guid(1bea79c5ad882da49aa40fd20ed12d04) Importer(815301076,1909f56bfc062723c751e8b465ee728b)
Start importing Assets/SimpleShopInteriors/_Materials/New Material.mat using Guid(1bea79c5ad882da49aa40fd20ed12d04) Importer(815301076,1909f56bfc062723c751e8b465ee728b)  -> (artifact id: '5113d1e197eafec877ad215a61d15805') in 0.144181 seconds 
========================================================================
Received Import Request.
  Time since last request: 1.497539 seconds.
  path: Assets/SimpleShopInteriors/_Models
  artifactKey: Guid(d3ef1d968d4489b43bf6f16bd25ed158) Importer(815301076,1909f56bfc062723c751e8b465ee728b)
Start importing Assets/SimpleShopInteriors/_Models using Guid(d3ef1d968d4489b43bf6f16bd25ed158) Importer(815301076,1909f56bfc062723c751e8b465ee728b)  -> (artifact id: '383d747f2390663011d3e143829c878d') in 0.003323 seconds 
========================================================================
Received Import Request.
  Time since last request: 1.085143 seconds.
  path: Assets/SimpleShopInteriors/_Models/Environment
  artifactKey: Guid(bd7f04cdfe889d94095d935663678cfc) Importer(815301076,1909f56bfc062723c751e8b465ee728b)
Start importing Assets/SimpleShopInteriors/_Models/Environment using Guid(bd7f04cdfe889d94095d935663678cfc) Importer(815301076,1909f56bfc062723c751e8b465ee728b)  -> (artifact id: 'a8d00e1114dc12e12ad9958df2dc6150') in 0.003932 seconds 
========================================================================
Received Import Request.
  Time since last request: 0.069815 seconds.
  path: Assets/SimpleShopInteriors/_Models/Environment/SI_Env_Door_01.fbx
  artifactKey: Guid(d7a4558c2b36fc54dabfb4d24eb5d37e) Importer(815301076,1909f56bfc062723c751e8b465ee728b)
Start importing Assets/SimpleShopInteriors/_Models/Environment/SI_Env_Door_01.fbx using Guid(d7a4558c2b36fc54dabfb4d24eb5d37e) Importer(815301076,1909f56bfc062723c751e8b465ee728b)  -> (artifact id: '1208e54d9e52e6025c3dd585a0903a5f') in 0.042084 seconds 
========================================================================
Received Import Request.
  Time since last request: 0.000022 seconds.
  path: Assets/SimpleShopInteriors/_Models/Environment/SI_Env_Wall_05.fbx
  artifactKey: Guid(81ea61a3ff84dc74eb54763a2559f1dc) Importer(815301076,1909f56bfc062723c751e8b465ee728b)
Start importing Assets/SimpleShopInteriors/_Models/Environment/SI_Env_Wall_05.fbx using Guid(81ea61a3ff84dc74eb54763a2559f1dc) Importer(815301076,1909f56bfc062723c751e8b465ee728b)  -> (artifact id: 'a7962b9aa4a18abdb696821d0dab9bf9') in 0.016702 seconds 
========================================================================
Received Import Request.
  Time since last request: 0.000028 seconds.
  path: Assets/SimpleShopInteriors/_Models/Environment/SI_Env_Pillar.fbx
  artifactKey: Guid(fdae078a7287e234d95ecb29ef5c2a8e) Importer(815301076,1909f56bfc062723c751e8b465ee728b)
Start importing Assets/SimpleShopInteriors/_Models/Environment/SI_Env_Pillar.fbx using Guid(fdae078a7287e234d95ecb29ef5c2a8e) Importer(815301076,1909f56bfc062723c751e8b465ee728b)  -> (artifact id: '3fb712834ced5441dcffd8f28051d979') in 0.014805 seconds 
========================================================================
Received Import Request.
  Time since last request: 0.000023 seconds.
  path: Assets/SimpleShopInteriors/_Models/Environment/SI_Env_Wall_02.fbx
  artifactKey: Guid(04e443c6e32d37a48963d49fe1b7b544) Importer(815301076,1909f56bfc062723c751e8b465ee728b)
Start importing Assets/SimpleShopInteriors/_Models/Environment/SI_Env_Wall_02.fbx using Guid(04e443c6e32d37a48963d49fe1b7b544) Importer(815301076,1909f56bfc062723c751e8b465ee728b)  -> (artifact id: '5954d05e0c5f9e9e8ed5d5f57bda066f') in 0.015269 seconds 
========================================================================
Received Import Request.
  Time since last request: 0.000018 seconds.
  path: Assets/SimpleShopInteriors/_Models/Environment/SI_Env_Wall_Door_Large_03.fbx
  artifactKey: Guid(1200e9cbd00399a49a8a2695dfe009e1) Importer(815301076,1909f56bfc062723c751e8b465ee728b)
Start importing Assets/SimpleShopInteriors/_Models/Environment/SI_Env_Wall_Door_Large_03.fbx using Guid(1200e9cbd00399a49a8a2695dfe009e1) Importer(815301076,1909f56bfc062723c751e8b465ee728b)  -> (artifact id: '25ca2f0b9c94883e6f8eec6630a73dea') in 0.016091 seconds 
========================================================================
Received Import Request.
  Time since last request: 0.000028 seconds.
  path: Assets/SimpleShopInteriors/_Models/Environment/SI_Env_Floor_03.fbx
  artifactKey: Guid(5b3c190569a23c94fbd763ccbffb6aac) Importer(815301076,1909f56bfc062723c751e8b465ee728b)
Start importing Assets/SimpleShopInteriors/_Models/Environment/SI_Env_Floor_03.fbx using Guid(5b3c190569a23c94fbd763ccbffb6aac) Importer(815301076,1909f56bfc062723c751e8b465ee728b)  -> (artifact id: 'd48f82ed580853c652d8627c0ec89597') in 0.015352 seconds 
========================================================================
Received Import Request.
  Time since last request: 0.000021 seconds.
  path: Assets/SimpleShopInteriors/_Models/Environment/SI_Env_Floor_05.fbx
  artifactKey: Guid(98602ae58a69f674b8efc7a03a466a89) Importer(815301076,1909f56bfc062723c751e8b465ee728b)
Start importing Assets/SimpleShopInteriors/_Models/Environment/SI_Env_Floor_05.fbx using Guid(98602ae58a69f674b8efc7a03a466a89) Importer(815301076,1909f56bfc062723c751e8b465ee728b)  -> (artifact id: 'bb620a1bdaca72d01eb8379d95f71090') in 0.014690 seconds 
========================================================================
Received Import Request.
  Time since last request: 0.000024 seconds.
  path: Assets/SimpleShopInteriors/_Models/Environment/SI_Env_Wall_Door_Large_01.fbx
  artifactKey: Guid(38dbd11882f2e2248a923edc039b09cd) Importer(815301076,1909f56bfc062723c751e8b465ee728b)
Start importing Assets/SimpleShopInteriors/_Models/Environment/SI_Env_Wall_Door_Large_01.fbx using Guid(38dbd11882f2e2248a923edc039b09cd) Importer(815301076,1909f56bfc062723c751e8b465ee728b)  -> (artifact id: 'd64bab1d2aa9810520c70b88c2d64500') in 0.015020 seconds 
========================================================================
Received Import Request.
  Time since last request: 0.000040 seconds.
  path: Assets/SimpleShopInteriors/_Models/Environment/SI_Env_Wall_CornerBlock.fbx
  artifactKey: Guid(8057645a8362dbd42a18a78c55702b86) Importer(815301076,1909f56bfc062723c751e8b465ee728b)
Start importing Assets/SimpleShopInteriors/_Models/Environment/SI_Env_Wall_CornerBlock.fbx using Guid(8057645a8362dbd42a18a78c55702b86) Importer(815301076,1909f56bfc062723c751e8b465ee728b)  -> (artifact id: '1cbc816d204edd9d76a77d51c5ba520b') in 0.015863 seconds 
========================================================================
Received Import Request.
  Time since last request: 0.000018 seconds.
  path: Assets/SimpleShopInteriors/_Models/Environment/SI_Env_Wall_Door_Large_02.fbx
  artifactKey: Guid(3813fbbedd115094f853ebfd9863da23) Importer(815301076,1909f56bfc062723c751e8b465ee728b)
Start importing Assets/SimpleShopInteriors/_Models/Environment/SI_Env_Wall_Door_Large_02.fbx using Guid(3813fbbedd115094f853ebfd9863da23) Importer(815301076,1909f56bfc062723c751e8b465ee728b)  -> (artifact id: 'e573630b383c615ee7d44ba4dca2f24f') in 0.014469 seconds 
========================================================================
Received Import Request.
  Time since last request: 1.489769 seconds.
  path: Assets/SimpleShopInteriors/_prefabs
  artifactKey: Guid(4f2a6becfb6bab54a8a29700f84c0a8f) Importer(815301076,1909f56bfc062723c751e8b465ee728b)
Start importing Assets/SimpleShopInteriors/_prefabs using Guid(4f2a6becfb6bab54a8a29700f84c0a8f) Importer(815301076,1909f56bfc062723c751e8b465ee728b)  -> (artifact id: 'aabdd2bb8d030a5c57ccd0caff08193d') in 0.003055 seconds 
========================================================================
Received Import Request.
  Time since last request: 0.992042 seconds.
  path: Assets/SimpleShopInteriors/_prefabs/Environment
  artifactKey: Guid(64b1483f62718b1438ef95b8aa866171) Importer(815301076,1909f56bfc062723c751e8b465ee728b)
Start importing Assets/SimpleShopInteriors/_prefabs/Environment using Guid(64b1483f62718b1438ef95b8aa866171) Importer(815301076,1909f56bfc062723c751e8b465ee728b)  -> (artifact id: 'f9618e64ae241200dac398eb3c32b90c') in 0.002792 seconds 
========================================================================
Received Import Request.
  Time since last request: 0.055834 seconds.
  path: Assets/SimpleShopInteriors/_prefabs/Environment/SI_Env_Door_01.prefab
  artifactKey: Guid(c372973e7146c9e4ca981fabfc43c741) Importer(815301076,1909f56bfc062723c751e8b465ee728b)
Start importing Assets/SimpleShopInteriors/_prefabs/Environment/SI_Env_Door_01.prefab using Guid(c372973e7146c9e4ca981fabfc43c741) Importer(815301076,1909f56bfc062723c751e8b465ee728b)  -> (artifact id: '7c048e2062611c37e00bafd94958b298') in 0.013603 seconds 
========================================================================
Received Import Request.
  Time since last request: 0.000019 seconds.
  path: Assets/SimpleShopInteriors/_prefabs/Environment/SI_Env_Wall_01.prefab
  artifactKey: Guid(51f833eeb14fde142b366866ec47c9be) Importer(815301076,1909f56bfc062723c751e8b465ee728b)
Start importing Assets/SimpleShopInteriors/_prefabs/Environment/SI_Env_Wall_01.prefab using Guid(51f833eeb14fde142b366866ec47c9be) Importer(815301076,1909f56bfc062723c751e8b465ee728b)  -> (artifact id: '27b6afa35cf0dbbf2c1535382c5957b6') in 0.017853 seconds 
========================================================================
Received Import Request.
  Time since last request: 0.000017 seconds.
  path: Assets/SimpleShopInteriors/_prefabs/Environment/SI_Env_Floor_04.prefab
  artifactKey: Guid(1e47ca8d9ca553c43aff22dca79305bc) Importer(815301076,1909f56bfc062723c751e8b465ee728b)
Start importing Assets/SimpleShopInteriors/_prefabs/Environment/SI_Env_Floor_04.prefab using Guid(1e47ca8d9ca553c43aff22dca79305bc) Importer(815301076,1909f56bfc062723c751e8b465ee728b)  -> (artifact id: '4e2663c6d50d730ade3747dcbccca506') in 0.011913 seconds 
========================================================================
Received Import Request.
  Time since last request: 0.000018 seconds.
  path: Assets/SimpleShopInteriors/_prefabs/Environment/SI_Env_Wall_CornerBlock_large.prefab
  artifactKey: Guid(4c31b85772506764b9dd42e9f097f2d5) Importer(815301076,1909f56bfc062723c751e8b465ee728b)
Start importing Assets/SimpleShopInteriors/_prefabs/Environment/SI_Env_Wall_CornerBlock_large.prefab using Guid(4c31b85772506764b9dd42e9f097f2d5) Importer(815301076,1909f56bfc062723c751e8b465ee728b)  -> (artifact id: '69d5ac49750a311d611dcebe1695c898') in 0.012614 seconds 
========================================================================
Received Import Request.
  Time since last request: 0.000017 seconds.
  path: Assets/SimpleShopInteriors/_prefabs/Environment/SI_Env_Floor_01.prefab
  artifactKey: Guid(e0854ccf8603ed54e970334c08243d66) Importer(815301076,1909f56bfc062723c751e8b465ee728b)
Start importing Assets/SimpleShopInteriors/_prefabs/Environment/SI_Env_Floor_01.prefab using Guid(e0854ccf8603ed54e970334c08243d66) Importer(815301076,1909f56bfc062723c751e8b465ee728b)  -> (artifact id: 'e894ab58d1d39b1ec51057cabf096490') in 0.013177 seconds 
========================================================================
Received Import Request.
  Time since last request: 0.000043 seconds.
  path: Assets/SimpleShopInteriors/_prefabs/Environment/SI_Env_Floor_02.prefab
  artifactKey: Guid(9d8bd1e956e9e994e93ffbf60eaa3a97) Importer(815301076,1909f56bfc062723c751e8b465ee728b)
Start importing Assets/SimpleShopInteriors/_prefabs/Environment/SI_Env_Floor_02.prefab using Guid(9d8bd1e956e9e994e93ffbf60eaa3a97) Importer(815301076,1909f56bfc062723c751e8b465ee728b)  -> (artifact id: '8fb763a09192ffb4fb4f9a19abe65f22') in 0.011732 seconds 
========================================================================
Received Import Request.
  Time since last request: 0.000023 seconds.
  path: Assets/SimpleShopInteriors/_prefabs/Environment/SI_Env_Floor_05.prefab
  artifactKey: Guid(e1bcf5116a513bb418c1fe62258737c2) Importer(815301076,1909f56bfc062723c751e8b465ee728b)
Start importing Assets/SimpleShopInteriors/_prefabs/Environment/SI_Env_Floor_05.prefab using Guid(e1bcf5116a513bb418c1fe62258737c2) Importer(815301076,1909f56bfc062723c751e8b465ee728b)  -> (artifact id: 'fee18ca202b74df9c236e884158415a9') in 0.012447 seconds 
========================================================================
Received Import Request.
  Time since last request: 0.000022 seconds.
  path: Assets/SimpleShopInteriors/_prefabs/Environment/SI_Env_Wall_CornerBlock.prefab
  artifactKey: Guid(f49f7d6466ef0244492e486afa2e3213) Importer(815301076,1909f56bfc062723c751e8b465ee728b)
Start importing Assets/SimpleShopInteriors/_prefabs/Environment/SI_Env_Wall_CornerBlock.prefab using Guid(f49f7d6466ef0244492e486afa2e3213) Importer(815301076,1909f56bfc062723c751e8b465ee728b)  -> (artifact id: '0d366b479d486c3db03b31e70f548797') in 0.012769 seconds 
========================================================================
Received Import Request.
  Time since last request: 0.000019 seconds.
  path: Assets/SimpleShopInteriors/_prefabs/Environment/SI_Env_Wall_05.prefab
  artifactKey: Guid(4eb434f4506439c45804ea5a0f2a3b46) Importer(815301076,1909f56bfc062723c751e8b465ee728b)
Start importing Assets/SimpleShopInteriors/_prefabs/Environment/SI_Env_Wall_05.prefab using Guid(4eb434f4506439c45804ea5a0f2a3b46) Importer(815301076,1909f56bfc062723c751e8b465ee728b)  -> (artifact id: 'f056566987ef35320e1df51fb0a9e808') in 0.013154 seconds 
========================================================================
Received Import Request.
  Time since last request: 0.000047 seconds.
  path: Assets/SimpleShopInteriors/_prefabs/Environment/SI_Env_Wall_Door_Large_02.prefab
  artifactKey: Guid(fdbd374327a1dab47be57b4146072a77) Importer(815301076,1909f56bfc062723c751e8b465ee728b)
Start importing Assets/SimpleShopInteriors/_prefabs/Environment/SI_Env_Wall_Door_Large_02.prefab using Guid(fdbd374327a1dab47be57b4146072a77) Importer(815301076,1909f56bfc062723c751e8b465ee728b)  -> (artifact id: 'd7c34a8360257f543434c72b993abab7') in 0.011108 seconds 
========================================================================
Received Import Request.
  Time since last request: 1.281309 seconds.
  path: Assets/SimpleShopInteriors/_Scenes
  artifactKey: Guid(1f4a4be857ea76247a4f446432e114f6) Importer(815301076,1909f56bfc062723c751e8b465ee728b)
Start importing Assets/SimpleShopInteriors/_Scenes using Guid(1f4a4be857ea76247a4f446432e114f6) Importer(815301076,1909f56bfc062723c751e8b465ee728b)  -> (artifact id: '1354caf332d9e79a592bc16b2d7245d9') in 0.003133 seconds 
========================================================================
Received Import Request.
  Time since last request: 0.759019 seconds.
  path: Assets/SimpleShopInteriors/_Scenes/_Demo.unity
  artifactKey: Guid(00553d82014ccaa4295e49cc13750d45) Importer(815301076,1909f56bfc062723c751e8b465ee728b)
Start importing Assets/SimpleShopInteriors/_Scenes/_Demo.unity using Guid(00553d82014ccaa4295e49cc13750d45) Importer(815301076,1909f56bfc062723c751e8b465ee728b)  -> (artifact id: 'abcd72741b7f164b9ce410e707be26ea') in 0.003283 seconds 
========================================================================
Received Import Request.
  Time since last request: 341.538460 seconds.
  path: Assets/Maps/German Town Stylized
  artifactKey: Guid(5abbc05e4935f82448066f258bcf3d39) Importer(815301076,1909f56bfc062723c751e8b465ee728b)
Start importing Assets/Maps/German Town Stylized using Guid(5abbc05e4935f82448066f258bcf3d39) Importer(815301076,1909f56bfc062723c751e8b465ee728b)  -> (artifact id: 'ff228258f102d6ea7d6d7f06257f26d6') in 0.003396 seconds 
========================================================================
Received Prepare
Registering precompiled user dll's ...
Registered in 0.010563 seconds.
Begin MonoManager ReloadAssembly
Symbol file LoadedFromMemory doesn't match image C:\Users\User\Desktop\onechance03\DDC\DDC\DidUWalk\Library\PackageCache\com.unity.visualscripting@1.7.8\Editor\VisualScripting.Core\Dependencies\YamlDotNet\Unity.VisualScripting.YamlDotNet.dll
Symbol file LoadedFromMemory doesn't match image C:\Users\User\Desktop\onechance03\DDC\DDC\DidUWalk\Library\PackageCache\com.unity.visualscripting@1.7.8\Editor\VisualScripting.Core\Dependencies\DotNetZip\Unity.VisualScripting.IonicZip.dll
Native extension for WindowsStandalone target not found
Native extension for iOS target not found
Native extension for Android target not found
Native extension for WebGL target not found
Refreshing native plugins compatible for Editor in 0.56 ms, found 3 plugins.
Preloading 0 native plugins for Editor in 0.00 ms.
Mono: successfully reloaded assembly
- Completed reload, in  0.912 seconds
Domain Reload Profiling:
	ReloadAssembly (913ms)
		BeginReloadAssembly (140ms)
			ExecutionOrderSort (0ms)
			DisableScriptedObjects (4ms)
			BackupInstance (0ms)
			ReleaseScriptingObjects (0ms)
			CreateAndSetChildDomain (35ms)
		EndReloadAssembly (679ms)
			LoadAssemblies (103ms)
			RebuildTransferFunctionScriptingTraits (0ms)
			SetupTypeCache (202ms)
			ReleaseScriptCaches (1ms)
			RebuildScriptCaches (31ms)
			SetupLoadedEditorAssemblies (320ms)
				LogAssemblyErrors (0ms)
				InitializePlatformSupportModulesInManaged (34ms)
				SetLoadedEditorAssemblies (0ms)
				RefreshPlugins (1ms)
				BeforeProcessingInitializeOnLoad (75ms)
				ProcessInitializeOnLoadAttributes (165ms)
				ProcessInitializeOnLoadMethodAttributes (27ms)
				AfterProcessingInitializeOnLoad (17ms)
				EditorAssembliesLoaded (0ms)
			ExecutionOrderSort2 (0ms)
			AwakeInstancesAfterBackupRestoration (6ms)
Platform modules already initialized, skipping
Refreshing native plugins compatible for Editor in 2.94 ms, found 3 plugins.
Preloading 0 native plugins for Editor in 0.00 ms.
Unloading 3377 Unused Serialized files (Serialized files now loaded: 0)
Unloading 22 unused Assets / (78.4 KB). Loaded Objects now: 3894.
Memory consumption went from 124.2 MB to 124.1 MB.
Total: 3.386400 ms (FindLiveObjects: 0.207000 ms CreateObjectMapping: 0.067200 ms MarkObjects: 3.028800 ms  DeleteObjects: 0.082800 ms)

AssetImportParameters requested are different than current active one (requested -> active):
  custom:video-decoder-ogg-theora: a1e56fd34408186e4bbccfd4996cb3dc -> 
  custom:container-muxer-webm: aa71ff27fc2769a1b78a27578f13a17b -> 
  custom:container-demuxer-webm: 4f35f7cbe854078d1ac9338744f61a02 -> 
  custom:video-encoder-webm-vp8: eb34c28f22e8b96e1ab97ce403110664 -> 
  custom:audio-encoder-webm-vorbis: bf7c407c2cedff20999df2af8eb42d56 -> 
  custom:framework-win-MediaFoundation: 216162199b28c13a410421893ffa2e32 -> 
  custom:container-demuxer-ogg: 62fdf1f143b41e24485cea50d1cbac27 -> 
  custom:video-decoder-webm-vp8: 9c59270c3fd7afecdb556c50c9e8de78 -> 
  custom:audio-decoder-ogg-vorbis: bf7c407c2cedff20999df2af8eb42d56 -> 
========================================================================
Received Import Request.
  Time since last request: 80.814505 seconds.
  path: Assets/Triangularity/ColorfulCity
  artifactKey: Guid(081e87f1242ab22488ca0c626f225cbb) Importer(815301076,1909f56bfc062723c751e8b465ee728b)
Start importing Assets/Triangularity/ColorfulCity using Guid(081e87f1242ab22488ca0c626f225cbb) Importer(815301076,1909f56bfc062723c751e8b465ee728b)  -> (artifact id: '88a53eed9399522cce166e09200b8bbc') in 0.011450 seconds 
========================================================================
Received Import Request.
  Time since last request: 1.832016 seconds.
  path: Assets/Triangularity/ColorfulCity/Scenes
  artifactKey: Guid(d43fc22cae340cd46a5e7bdd72971768) Importer(815301076,1909f56bfc062723c751e8b465ee728b)
Start importing Assets/Triangularity/ColorfulCity/Scenes using Guid(d43fc22cae340cd46a5e7bdd72971768) Importer(815301076,1909f56bfc062723c751e8b465ee728b)  -> (artifact id: 'c727e0ec33ae76ed68ff2717aa4d55e1') in 0.003240 seconds 
========================================================================
Received Import Request.
  Time since last request: 0.858610 seconds.
  path: Assets/Triangularity/ColorfulCity/Scenes/All Buildings Colors.unity
  artifactKey: Guid(b07d4342fb9d5984f88206b81677f2cd) Importer(815301076,1909f56bfc062723c751e8b465ee728b)
Start importing Assets/Triangularity/ColorfulCity/Scenes/All Buildings Colors.unity using Guid(b07d4342fb9d5984f88206b81677f2cd) Importer(815301076,1909f56bfc062723c751e8b465ee728b)  -> (artifact id: '276b76b8f718d3ae6cf35a4e615d53af') in 0.003053 seconds 
========================================================================
Received Import Request.
  Time since last request: 10.453055 seconds.
  path: Assets/Triangularity/ColorfulCity/Scenes/Buildings Showcase.unity
  artifactKey: Guid(7a4fbf1c0796c71418d23ef6732ae692) Importer(815301076,1909f56bfc062723c751e8b465ee728b)
Start importing Assets/Triangularity/ColorfulCity/Scenes/Buildings Showcase.unity using Guid(7a4fbf1c0796c71418d23ef6732ae692) Importer(815301076,1909f56bfc062723c751e8b465ee728b)  -> (artifact id: 'a001e1ac494a734a102efe787ead555d') in 0.003711 seconds 
========================================================================
Received Import Request.
  Time since last request: 2.551375 seconds.
  path: Assets/Triangularity/ColorfulCity/Scenes/City (Main scene).unity
  artifactKey: Guid(1ca82ac5183a74646976d29b08b82287) Importer(815301076,1909f56bfc062723c751e8b465ee728b)
Start importing Assets/Triangularity/ColorfulCity/Scenes/City (Main scene).unity using Guid(1ca82ac5183a74646976d29b08b82287) Importer(815301076,1909f56bfc062723c751e8b465ee728b)  -> (artifact id: '3540c34a483a70524392e05b0c04ff4a') in 0.003304 seconds 
========================================================================
Received Import Request.
  Time since last request: 734.986372 seconds.
  path: Assets/EnvironmentPack/FurnitureStoreExterior/FurnitureStoreExterior.unity
  artifactKey: Guid(6545c0ffd5fef2a4b98cf3ffbec066a9) Importer(815301076,1909f56bfc062723c751e8b465ee728b)
Start importing Assets/EnvironmentPack/FurnitureStoreExterior/FurnitureStoreExterior.unity using Guid(6545c0ffd5fef2a4b98cf3ffbec066a9) Importer(815301076,1909f56bfc062723c751e8b465ee728b)  -> (artifact id: '81c3bb891f8ed2dcfa0d03ffc41e4466') in 0.003625 seconds 
========================================================================
Received Import Request.
  Time since last request: 6.709484 seconds.
  path: Assets/Low Poly Fruits/resources
  artifactKey: Guid(30d485f96393bb14482fec0c2a6e8e76) Importer(815301076,1909f56bfc062723c751e8b465ee728b)
Start importing Assets/Low Poly Fruits/resources using Guid(30d485f96393bb14482fec0c2a6e8e76) Importer(815301076,1909f56bfc062723c751e8b465ee728b)  -> (artifact id: '616cb29725f16788e153fcaa9409be10') in 0.003996 seconds 
========================================================================
Received Import Request.
  Time since last request: 4.583177 seconds.
  path: Assets/MARCIN'S Assets/Electric Scooter
  artifactKey: Guid(571cd3063017fc94db21c24b39807cfd) Importer(815301076,1909f56bfc062723c751e8b465ee728b)
Start importing Assets/MARCIN'S Assets/Electric Scooter using Guid(571cd3063017fc94db21c24b39807cfd) Importer(815301076,1909f56bfc062723c751e8b465ee728b)  -> (artifact id: '4c054f43c550c57fc4bec9b41a29169e') in 0.003256 seconds 
========================================================================
Received Import Request.
  Time since last request: 8.720270 seconds.
  path: Assets/Triangularity/ColorfulCity/Scripts
  artifactKey: Guid(1d3775f63b18eac4c8136f4029850284) Importer(815301076,1909f56bfc062723c751e8b465ee728b)
Start importing Assets/Triangularity/ColorfulCity/Scripts using Guid(1d3775f63b18eac4c8136f4029850284) Importer(815301076,1909f56bfc062723c751e8b465ee728b)  -> (artifact id: '66d692ac2fcfda9fac7bc2cdd153ce10') in 0.003353 seconds 
========================================================================
Received Import Request.
  Time since last request: 32.819677 seconds.
  path: Assets/Objects
  artifactKey: Guid(abc626901503ebf46b19775576d7ecd4) Importer(815301076,1909f56bfc062723c751e8b465ee728b)
Start importing Assets/Objects using Guid(abc626901503ebf46b19775576d7ecd4) Importer(815301076,1909f56bfc062723c751e8b465ee728b)  -> (artifact id: '3fc6db881b53a073eef28daf55dd0496') in 0.003059 seconds 
========================================================================
Received Import Request.
  Time since last request: 24.339969 seconds.
  path: Assets/Triangularity/ColorfulCity/Scenes/Props Showcase.unity
  artifactKey: Guid(692c93cc5a183ec4e9e7d399f5ee36af) Importer(815301076,1909f56bfc062723c751e8b465ee728b)
Start importing Assets/Triangularity/ColorfulCity/Scenes/Props Showcase.unity using Guid(692c93cc5a183ec4e9e7d399f5ee36af) Importer(815301076,1909f56bfc062723c751e8b465ee728b)  -> (artifact id: '54e6df205a7ef7a87dc03f49281647d2') in 0.003691 seconds 
========================================================================
Received Prepare
Registering precompiled user dll's ...
Registered in 0.009789 seconds.
Begin MonoManager ReloadAssembly
Symbol file LoadedFromMemory doesn't match image C:\Users\User\Desktop\onechance03\DDC\DDC\DidUWalk\Library\PackageCache\com.unity.visualscripting@1.7.8\Editor\VisualScripting.Core\Dependencies\YamlDotNet\Unity.VisualScripting.YamlDotNet.dll
Symbol file LoadedFromMemory doesn't match image C:\Users\User\Desktop\onechance03\DDC\DDC\DidUWalk\Library\PackageCache\com.unity.visualscripting@1.7.8\Editor\VisualScripting.Core\Dependencies\DotNetZip\Unity.VisualScripting.IonicZip.dll
Native extension for WindowsStandalone target not found
Native extension for iOS target not found
Native extension for Android target not found
Native extension for WebGL target not found
Refreshing native plugins compatible for Editor in 0.59 ms, found 3 plugins.
Preloading 0 native plugins for Editor in 0.00 ms.
Mono: successfully reloaded assembly
- Completed reload, in  0.923 seconds
Domain Reload Profiling:
	ReloadAssembly (924ms)
		BeginReloadAssembly (176ms)
			ExecutionOrderSort (0ms)
			DisableScriptedObjects (5ms)
			BackupInstance (0ms)
			ReleaseScriptingObjects (0ms)
			CreateAndSetChildDomain (58ms)
		EndReloadAssembly (658ms)
			LoadAssemblies (109ms)
			RebuildTransferFunctionScriptingTraits (0ms)
			SetupTypeCache (192ms)
			ReleaseScriptCaches (1ms)
			RebuildScriptCaches (31ms)
			SetupLoadedEditorAssemblies (310ms)
				LogAssemblyErrors (0ms)
				InitializePlatformSupportModulesInManaged (33ms)
				SetLoadedEditorAssemblies (0ms)
				RefreshPlugins (1ms)
				BeforeProcessingInitializeOnLoad (76ms)
				ProcessInitializeOnLoadAttributes (163ms)
				ProcessInitializeOnLoadMethodAttributes (23ms)
				AfterProcessingInitializeOnLoad (14ms)
				EditorAssembliesLoaded (0ms)
			ExecutionOrderSort2 (0ms)
			AwakeInstancesAfterBackupRestoration (6ms)
Platform modules already initialized, skipping
Refreshing native plugins compatible for Editor in 2.43 ms, found 3 plugins.
Preloading 0 native plugins for Editor in 0.00 ms.
Unloading 3377 Unused Serialized files (Serialized files now loaded: 0)
Unloading 22 unused Assets / (78.5 KB). Loaded Objects now: 3897.
Memory consumption went from 124.4 MB to 124.3 MB.
Total: 2.686200 ms (FindLiveObjects: 0.191500 ms CreateObjectMapping: 0.128900 ms MarkObjects: 2.288600 ms  DeleteObjects: 0.076800 ms)

AssetImportParameters requested are different than current active one (requested -> active):
  custom:video-decoder-ogg-theora: a1e56fd34408186e4bbccfd4996cb3dc -> 
  custom:container-muxer-webm: aa71ff27fc2769a1b78a27578f13a17b -> 
  custom:container-demuxer-webm: 4f35f7cbe854078d1ac9338744f61a02 -> 
  custom:video-encoder-webm-vp8: eb34c28f22e8b96e1ab97ce403110664 -> 
  custom:audio-encoder-webm-vorbis: bf7c407c2cedff20999df2af8eb42d56 -> 
  custom:framework-win-MediaFoundation: 216162199b28c13a410421893ffa2e32 -> 
  custom:container-demuxer-ogg: 62fdf1f143b41e24485cea50d1cbac27 -> 
  custom:video-decoder-webm-vp8: 9c59270c3fd7afecdb556c50c9e8de78 -> 
  custom:audio-decoder-ogg-vorbis: bf7c407c2cedff20999df2af8eb42d56 -> 
========================================================================
Received Import Request.
  Time since last request: 38.222117 seconds.
  path: Assets/SimpleShopInteriors/_Scenes/_Demo.unity
  artifactKey: Guid(00553d82014ccaa4295e49cc13750d45) Importer(815301076,1909f56bfc062723c751e8b465ee728b)
Start importing Assets/SimpleShopInteriors/_Scenes/_Demo.unity using Guid(00553d82014ccaa4295e49cc13750d45) Importer(815301076,1909f56bfc062723c751e8b465ee728b)  -> (artifact id: '4f25d15dcef88f90859fb3458f6b3b2d') in 0.008639 seconds 
========================================================================
Received Import Request.
  Time since last request: 13.851533 seconds.
  path: Assets/Maps/Triangularity
  artifactKey: Guid(836dbcc053a2a3440b47aa22d417a122) Importer(815301076,1909f56bfc062723c751e8b465ee728b)
Start importing Assets/Maps/Triangularity using Guid(836dbcc053a2a3440b47aa22d417a122) Importer(815301076,1909f56bfc062723c751e8b465ee728b)  -> (artifact id: '1ac0683107a60a8a30859a79799501ef') in 0.003492 seconds 
========================================================================
Received Import Request.
  Time since last request: 8.322209 seconds.
  path: Assets/Maps/LowPolyMart
  artifactKey: Guid(836dbcc053a2a3440b47aa22d417a122) Importer(815301076,1909f56bfc062723c751e8b465ee728b)
Start importing Assets/Maps/LowPolyMart using Guid(836dbcc053a2a3440b47aa22d417a122) Importer(815301076,1909f56bfc062723c751e8b465ee728b)  -> (artifact id: 'ecd19c312685677320dd5cf0ef182613') in 0.003097 seconds 
========================================================================
Received Prepare
Registering precompiled user dll's ...
Registered in 0.009670 seconds.
Begin MonoManager ReloadAssembly
Symbol file LoadedFromMemory doesn't match image C:\Users\User\Desktop\onechance03\DDC\DDC\DidUWalk\Library\PackageCache\com.unity.visualscripting@1.7.8\Editor\VisualScripting.Core\Dependencies\YamlDotNet\Unity.VisualScripting.YamlDotNet.dll
Symbol file LoadedFromMemory doesn't match image C:\Users\User\Desktop\onechance03\DDC\DDC\DidUWalk\Library\PackageCache\com.unity.visualscripting@1.7.8\Editor\VisualScripting.Core\Dependencies\DotNetZip\Unity.VisualScripting.IonicZip.dll
Native extension for WindowsStandalone target not found
Native extension for iOS target not found
Native extension for Android target not found
Native extension for WebGL target not found
Refreshing native plugins compatible for Editor in 0.81 ms, found 3 plugins.
Preloading 0 native plugins for Editor in 0.00 ms.
Mono: successfully reloaded assembly
- Completed reload, in  0.927 seconds
Domain Reload Profiling:
	ReloadAssembly (927ms)
		BeginReloadAssembly (164ms)
			ExecutionOrderSort (0ms)
			DisableScriptedObjects (6ms)
			BackupInstance (0ms)
			ReleaseScriptingObjects (0ms)
			CreateAndSetChildDomain (49ms)
		EndReloadAssembly (674ms)
			LoadAssemblies (106ms)
			RebuildTransferFunctionScriptingTraits (0ms)
			SetupTypeCache (195ms)
			ReleaseScriptCaches (1ms)
			RebuildScriptCaches (32ms)
			SetupLoadedEditorAssemblies (321ms)
				LogAssemblyErrors (0ms)
				InitializePlatformSupportModulesInManaged (39ms)
				SetLoadedEditorAssemblies (0ms)
				RefreshPlugins (1ms)
				BeforeProcessingInitializeOnLoad (76ms)
				ProcessInitializeOnLoadAttributes (167ms)
				ProcessInitializeOnLoadMethodAttributes (23ms)
				AfterProcessingInitializeOnLoad (14ms)
				EditorAssembliesLoaded (0ms)
			ExecutionOrderSort2 (0ms)
			AwakeInstancesAfterBackupRestoration (6ms)
Platform modules already initialized, skipping
Refreshing native plugins compatible for Editor in 2.51 ms, found 3 plugins.
Preloading 0 native plugins for Editor in 0.00 ms.
Unloading 3377 Unused Serialized files (Serialized files now loaded: 0)
Unloading 22 unused Assets / (78.5 KB). Loaded Objects now: 3900.
Memory consumption went from 124.4 MB to 124.3 MB.
Total: 2.421700 ms (FindLiveObjects: 0.226900 ms CreateObjectMapping: 0.082400 ms MarkObjects: 2.037900 ms  DeleteObjects: 0.073800 ms)

AssetImportParameters requested are different than current active one (requested -> active):
  custom:video-decoder-ogg-theora: a1e56fd34408186e4bbccfd4996cb3dc -> 
  custom:container-muxer-webm: aa71ff27fc2769a1b78a27578f13a17b -> 
  custom:container-demuxer-webm: 4f35f7cbe854078d1ac9338744f61a02 -> 
  custom:video-encoder-webm-vp8: eb34c28f22e8b96e1ab97ce403110664 -> 
  custom:audio-encoder-webm-vorbis: bf7c407c2cedff20999df2af8eb42d56 -> 
  custom:framework-win-MediaFoundation: 216162199b28c13a410421893ffa2e32 -> 
  custom:container-demuxer-ogg: 62fdf1f143b41e24485cea50d1cbac27 -> 
  custom:video-decoder-webm-vp8: 9c59270c3fd7afecdb556c50c9e8de78 -> 
  custom:audio-decoder-ogg-vorbis: bf7c407c2cedff20999df2af8eb42d56 -> 
========================================================================
Received Import Request.
  Time since last request: 14.276699 seconds.
  path: Assets/Maps/SimpleShopInteriors
  artifactKey: Guid(15d3b5719c0b13a4c85524068347a8ae) Importer(815301076,1909f56bfc062723c751e8b465ee728b)
Start importing Assets/Maps/SimpleShopInteriors using Guid(15d3b5719c0b13a4c85524068347a8ae) Importer(815301076,1909f56bfc062723c751e8b465ee728b)  -> (artifact id: '5d8c411527c1bf3b42d36c10e59f26f0') in 0.009560 seconds 
========================================================================
Received Import Request.
  Time since last request: 177.810462 seconds.
  path: Assets/Playground Low Poly/Maps
  artifactKey: Guid(f12136fc71588a14aabd42f9df95c65d) Importer(815301076,1909f56bfc062723c751e8b465ee728b)
Start importing Assets/Playground Low Poly/Maps using Guid(f12136fc71588a14aabd42f9df95c65d) Importer(815301076,1909f56bfc062723c751e8b465ee728b)  -> (artifact id: 'de84f20f679258460f2e94990d08a15e') in 0.003737 seconds 
========================================================================
Received Import Request.
  Time since last request: 1.411420 seconds.
  path: Assets/Playground Low Poly/Maps/Demo.unity
  artifactKey: Guid(b0de0711692b843459ecac0863bcc297) Importer(815301076,1909f56bfc062723c751e8b465ee728b)
Start importing Assets/Playground Low Poly/Maps/Demo.unity using Guid(b0de0711692b843459ecac0863bcc297) Importer(815301076,1909f56bfc062723c751e8b465ee728b)  -> (artifact id: 'f3ec6cbe59875d8538bc55a29cba6162') in 0.003583 seconds 
========================================================================
Received Prepare
Registering precompiled user dll's ...
Registered in 0.009366 seconds.
Begin MonoManager ReloadAssembly
Symbol file LoadedFromMemory doesn't match image C:\Users\User\Desktop\onechance03\DDC\DDC\DidUWalk\Library\PackageCache\com.unity.visualscripting@1.7.8\Editor\VisualScripting.Core\Dependencies\YamlDotNet\Unity.VisualScripting.YamlDotNet.dll
Symbol file LoadedFromMemory doesn't match image C:\Users\User\Desktop\onechance03\DDC\DDC\DidUWalk\Library\PackageCache\com.unity.visualscripting@1.7.8\Editor\VisualScripting.Core\Dependencies\DotNetZip\Unity.VisualScripting.IonicZip.dll
Native extension for WindowsStandalone target not found
Native extension for iOS target not found
Native extension for Android target not found
Native extension for WebGL target not found
Refreshing native plugins compatible for Editor in 0.78 ms, found 3 plugins.
Preloading 0 native plugins for Editor in 0.00 ms.
Mono: successfully reloaded assembly
- Completed reload, in  0.927 seconds
Domain Reload Profiling:
	ReloadAssembly (928ms)
		BeginReloadAssembly (143ms)
			ExecutionOrderSort (0ms)
			DisableScriptedObjects (5ms)
			BackupInstance (0ms)
			ReleaseScriptingObjects (0ms)
			CreateAndSetChildDomain (37ms)
		EndReloadAssembly (695ms)
			LoadAssemblies (105ms)
			RebuildTransferFunctionScriptingTraits (0ms)
			SetupTypeCache (197ms)
			ReleaseScriptCaches (1ms)
			RebuildScriptCaches (34ms)
			SetupLoadedEditorAssemblies (331ms)
				LogAssemblyErrors (0ms)
				InitializePlatformSupportModulesInManaged (34ms)
				SetLoadedEditorAssemblies (0ms)
				RefreshPlugins (1ms)
				BeforeProcessingInitializeOnLoad (74ms)
				ProcessInitializeOnLoadAttributes (179ms)
				ProcessInitializeOnLoadMethodAttributes (27ms)
				AfterProcessingInitializeOnLoad (16ms)
				EditorAssembliesLoaded (0ms)
			ExecutionOrderSort2 (0ms)
			AwakeInstancesAfterBackupRestoration (7ms)
Platform modules already initialized, skipping
Refreshing native plugins compatible for Editor in 3.55 ms, found 3 plugins.
Preloading 0 native plugins for Editor in 0.00 ms.
Unloading 3377 Unused Serialized files (Serialized files now loaded: 0)
Unloading 22 unused Assets / (78.6 KB). Loaded Objects now: 3903.
Memory consumption went from 124.4 MB to 124.3 MB.
Total: 3.620000 ms (FindLiveObjects: 0.205600 ms CreateObjectMapping: 0.158000 ms MarkObjects: 3.080900 ms  DeleteObjects: 0.174900 ms)

AssetImportParameters requested are different than current active one (requested -> active):
  custom:video-decoder-ogg-theora: a1e56fd34408186e4bbccfd4996cb3dc -> 
  custom:container-muxer-webm: aa71ff27fc2769a1b78a27578f13a17b -> 
  custom:container-demuxer-webm: 4f35f7cbe854078d1ac9338744f61a02 -> 
  custom:video-encoder-webm-vp8: eb34c28f22e8b96e1ab97ce403110664 -> 
  custom:audio-encoder-webm-vorbis: bf7c407c2cedff20999df2af8eb42d56 -> 
  custom:framework-win-MediaFoundation: 216162199b28c13a410421893ffa2e32 -> 
  custom:container-demuxer-ogg: 62fdf1f143b41e24485cea50d1cbac27 -> 
  custom:video-decoder-webm-vp8: 9c59270c3fd7afecdb556c50c9e8de78 -> 
  custom:audio-decoder-ogg-vorbis: bf7c407c2cedff20999df2af8eb42d56 -> 
========================================================================
Received Import Request.
  Time since last request: 66.058204 seconds.
  path: Assets/Playground Low Poly/Maps/Overview.unity
  artifactKey: Guid(4ddb75b4e6ae06d4283ab1733e9cd4ac) Importer(815301076,1909f56bfc062723c751e8b465ee728b)
Start importing Assets/Playground Low Poly/Maps/Overview.unity using Guid(4ddb75b4e6ae06d4283ab1733e9cd4ac) Importer(815301076,1909f56bfc062723c751e8b465ee728b)  -> (artifact id: 'd33f77fd0728c0c52311438291b2c6a4') in 0.009311 seconds 
========================================================================
Received Import Request.
  Time since last request: 55.603609 seconds.
  path: Assets/Maps/Playground Low Poly/Maps/Demo
  artifactKey: Guid(b2db8d3165b9c4a4eb0a4a21e58297ac) Importer(815301076,1909f56bfc062723c751e8b465ee728b)
Start importing Assets/Maps/Playground Low Poly/Maps/Demo using Guid(b2db8d3165b9c4a4eb0a4a21e58297ac) Importer(815301076,1909f56bfc062723c751e8b465ee728b)  -> (artifact id: '4336dcfcd0ffef8b6c5bf6a1a6eaeb29') in 0.003171 seconds 
========================================================================
Received Import Request.
  Time since last request: 3.686270 seconds.
  path: Assets/Maps/Playground Low Poly/Maps/Overview
  artifactKey: Guid(44d6990c035e3d444ae8ff19cc983375) Importer(815301076,1909f56bfc062723c751e8b465ee728b)
Start importing Assets/Maps/Playground Low Poly/Maps/Overview using Guid(44d6990c035e3d444ae8ff19cc983375) Importer(815301076,1909f56bfc062723c751e8b465ee728b)  -> (artifact id: 'b938b78aee69c96dbc95de3246163118') in 0.003278 seconds 
========================================================================
Received Import Request.
  Time since last request: 0.079566 seconds.
  path: Assets/Maps/Playground Low Poly/Maps/Overview/LightingData.asset
  artifactKey: Guid(3e966c7961490fd4ab0236664f98e975) Importer(815301076,1909f56bfc062723c751e8b465ee728b)
Start importing Assets/Maps/Playground Low Poly/Maps/Overview/LightingData.asset using Guid(3e966c7961490fd4ab0236664f98e975) Importer(815301076,1909f56bfc062723c751e8b465ee728b)  -> (artifact id: '78622082bda85e63030105e593a07bbc') in 0.013702 seconds 
========================================================================
Received Import Request.
  Time since last request: 0.000424 seconds.
  path: Assets/Maps/Playground Low Poly/Maps/Overview/Lightmap-1_comp_dir.png
  artifactKey: Guid(d9c7294552dcb2e45947c73a0329bd08) Importer(815301076,1909f56bfc062723c751e8b465ee728b)
Start importing Assets/Maps/Playground Low Poly/Maps/Overview/Lightmap-1_comp_dir.png using Guid(d9c7294552dcb2e45947c73a0329bd08) Importer(815301076,1909f56bfc062723c751e8b465ee728b)  -> (artifact id: 'afd0f889e5a39483b2af45090ce78c43') in 0.038007 seconds 
========================================================================
Received Import Request.
  Time since last request: 0.000015 seconds.
  path: Assets/Maps/Playground Low Poly/Maps/Overview/ReflectionProbe-0.exr
  artifactKey: Guid(208141e528dc7a249ae1ef2cbc9c415b) Importer(815301076,1909f56bfc062723c751e8b465ee728b)
Start importing Assets/Maps/Playground Low Poly/Maps/Overview/ReflectionProbe-0.exr using Guid(208141e528dc7a249ae1ef2cbc9c415b) Importer(815301076,1909f56bfc062723c751e8b465ee728b)  -> (artifact id: 'e3b95eb377618680f5affe68d209290b') in 0.033176 seconds 
========================================================================
Received Import Request.
  Time since last request: 0.000021 seconds.
  path: Assets/Maps/Playground Low Poly/Maps/Overview/Lightmap-3_comp_dir.png
  artifactKey: Guid(f7ba621f30bc60142811ff625bfb3726) Importer(815301076,1909f56bfc062723c751e8b465ee728b)
Start importing Assets/Maps/Playground Low Poly/Maps/Overview/Lightmap-3_comp_dir.png using Guid(f7ba621f30bc60142811ff625bfb3726) Importer(815301076,1909f56bfc062723c751e8b465ee728b)  -> (artifact id: 'd68705f541deb8f258c2811b7d7a3166') in 0.011384 seconds 
========================================================================
Received Import Request.
  Time since last request: 0.000026 seconds.
  path: Assets/Maps/Playground Low Poly/Maps/Overview/Lightmap-2_comp_dir.png
  artifactKey: Guid(452e02405d9efd04e8bbb3acfaeac785) Importer(815301076,1909f56bfc062723c751e8b465ee728b)
Start importing Assets/Maps/Playground Low Poly/Maps/Overview/Lightmap-2_comp_dir.png using Guid(452e02405d9efd04e8bbb3acfaeac785) Importer(815301076,1909f56bfc062723c751e8b465ee728b)  -> (artifact id: '9f4ff5c2a8f384d57d81572424ded265') in 0.014287 seconds 
========================================================================
Received Import Request.
  Time since last request: 0.000029 seconds.
  path: Assets/Maps/Playground Low Poly/Maps/Overview/Lightmap-1_comp_light.exr
  artifactKey: Guid(111b06bfae3d942428a3ba9d2dc74c87) Importer(815301076,1909f56bfc062723c751e8b465ee728b)
Start importing Assets/Maps/Playground Low Poly/Maps/Overview/Lightmap-1_comp_light.exr using Guid(111b06bfae3d942428a3ba9d2dc74c87) Importer(815301076,1909f56bfc062723c751e8b465ee728b)  -> (artifact id: '18dcd80cbbbfccf8e851b5d7632d6cbc') in 0.018023 seconds 
========================================================================
Received Import Request.
  Time since last request: 0.000020 seconds.
  path: Assets/Maps/Playground Low Poly/Maps/Overview/Lightmap-2_comp_light.exr
  artifactKey: Guid(66701eba82ce23149bcec9c65ffa541c) Importer(815301076,1909f56bfc062723c751e8b465ee728b)
Start importing Assets/Maps/Playground Low Poly/Maps/Overview/Lightmap-2_comp_light.exr using Guid(66701eba82ce23149bcec9c65ffa541c) Importer(815301076,1909f56bfc062723c751e8b465ee728b)  -> (artifact id: '19e6a7bd48a884f8dfa496340b07acb7') in 0.011616 seconds 
========================================================================
Received Import Request.
  Time since last request: 1.447863 seconds.
  path: Assets/Maps/Playground Low Poly/Maps/Demo_Profiles
  artifactKey: Guid(5d83e06f1f9daa04ea22759baf7b3ad5) Importer(815301076,1909f56bfc062723c751e8b465ee728b)
Start importing Assets/Maps/Playground Low Poly/Maps/Demo_Profiles using Guid(5d83e06f1f9daa04ea22759baf7b3ad5) Importer(815301076,1909f56bfc062723c751e8b465ee728b)  -> (artifact id: '3451c7b5e8763fabdb934e36d8e33e5a') in 0.003720 seconds 
========================================================================
Received Import Request.
  Time since last request: 0.061429 seconds.
  path: Assets/Maps/Playground Low Poly/Maps/Demo_Profiles/Main Camera Profile.asset
  artifactKey: Guid(b3fc6b00e8b0b7147ac2ddcccab1f43f) Importer(815301076,1909f56bfc062723c751e8b465ee728b)
Start importing Assets/Maps/Playground Low Poly/Maps/Demo_Profiles/Main Camera Profile.asset using Guid(b3fc6b00e8b0b7147ac2ddcccab1f43f) Importer(815301076,1909f56bfc062723c751e8b465ee728b)  -> (artifact id: 'a18149811ce9e8f4fe9ad2808d056fa6') in 0.003917 seconds 
========================================================================
Received Import Request.
  Time since last request: 1.319394 seconds.
  path: Assets/Maps/Playground Low Poly/Maps/Demo/LightingData.asset
  artifactKey: Guid(43d4bed4b8eb33d4b803a1f152877a27) Importer(815301076,1909f56bfc062723c751e8b465ee728b)
Start importing Assets/Maps/Playground Low Poly/Maps/Demo/LightingData.asset using Guid(43d4bed4b8eb33d4b803a1f152877a27) Importer(815301076,1909f56bfc062723c751e8b465ee728b)  -> (artifact id: '6ded2eb0f9063b1812d4b704733892cb') in 0.004542 seconds 
========================================================================
Received Import Request.
  Time since last request: 0.000023 seconds.
  path: Assets/Maps/Playground Low Poly/Maps/Demo/Lightmap-2_comp_dir.png
  artifactKey: Guid(5c411f2e4bff7ec47a828a9485c59f23) Importer(815301076,1909f56bfc062723c751e8b465ee728b)
Start importing Assets/Maps/Playground Low Poly/Maps/Demo/Lightmap-2_comp_dir.png using Guid(5c411f2e4bff7ec47a828a9485c59f23) Importer(815301076,1909f56bfc062723c751e8b465ee728b)  -> (artifact id: '2db80ef2fd38ef13fe7431f59e504847') in 0.013792 seconds 
========================================================================
Received Import Request.
  Time since last request: 0.000025 seconds.
  path: Assets/Maps/Playground Low Poly/Maps/Demo/Lightmap-5_comp_light.exr
  artifactKey: Guid(ead4ccae200963c41b77298985707dd8) Importer(815301076,1909f56bfc062723c751e8b465ee728b)
Start importing Assets/Maps/Playground Low Poly/Maps/Demo/Lightmap-5_comp_light.exr using Guid(ead4ccae200963c41b77298985707dd8) Importer(815301076,1909f56bfc062723c751e8b465ee728b)  -> (artifact id: '46e915903bc085cd334745c1310c3c8e') in 0.012491 seconds 
========================================================================
Received Import Request.
  Time since last request: 0.000017 seconds.
  path: Assets/Maps/Playground Low Poly/Maps/Demo/Lightmap-3_comp_light.exr
  artifactKey: Guid(f408c834103e2754f98aabb12d5f29d9) Importer(815301076,1909f56bfc062723c751e8b465ee728b)
Start importing Assets/Maps/Playground Low Poly/Maps/Demo/Lightmap-3_comp_light.exr using Guid(f408c834103e2754f98aabb12d5f29d9) Importer(815301076,1909f56bfc062723c751e8b465ee728b)  -> (artifact id: '4b2695307994babbe3424fad013855d8') in 0.011520 seconds 
========================================================================
Received Import Request.
  Time since last request: 0.000019 seconds.
  path: Assets/Maps/Playground Low Poly/Maps/Demo/Lightmap-4_comp_light.exr
  artifactKey: Guid(6e704abed63eb414f84ecad5414a102f) Importer(815301076,1909f56bfc062723c751e8b465ee728b)
Start importing Assets/Maps/Playground Low Poly/Maps/Demo/Lightmap-4_comp_light.exr using Guid(6e704abed63eb414f84ecad5414a102f) Importer(815301076,1909f56bfc062723c751e8b465ee728b)  -> (artifact id: '4e8736699d577fc142b62376676c7c70') in 0.012193 seconds 
========================================================================
Received Import Request.
  Time since last request: 0.000045 seconds.
  path: Assets/Maps/Playground Low Poly/Maps/Demo/Lightmap-4_comp_dir.png
  artifactKey: Guid(0b8520e470371d040bc5a5b1cf008208) Importer(815301076,1909f56bfc062723c751e8b465ee728b)
Start importing Assets/Maps/Playground Low Poly/Maps/Demo/Lightmap-4_comp_dir.png using Guid(0b8520e470371d040bc5a5b1cf008208) Importer(815301076,1909f56bfc062723c751e8b465ee728b)  -> (artifact id: '853e98b240617b545c086ec733c294b7') in 0.014080 seconds 
========================================================================
Received Import Request.
  Time since last request: 0.000030 seconds.
  path: Assets/Maps/Playground Low Poly/Maps/Demo/Lightmap-3_comp_dir.png
  artifactKey: Guid(8e83864dcb2585b438d77c722520b9c5) Importer(815301076,1909f56bfc062723c751e8b465ee728b)
Start importing Assets/Maps/Playground Low Poly/Maps/Demo/Lightmap-3_comp_dir.png using Guid(8e83864dcb2585b438d77c722520b9c5) Importer(815301076,1909f56bfc062723c751e8b465ee728b)  -> (artifact id: '09fb9622e0b94647db381e04b1b73354') in 0.011635 seconds 
========================================================================
Received Import Request.
  Time since last request: 0.000020 seconds.
  path: Assets/Maps/Playground Low Poly/Maps/Demo/Lightmap-5_comp_dir.png
  artifactKey: Guid(1f1b8aa6d6b766a45ade0b102359d81d) Importer(815301076,1909f56bfc062723c751e8b465ee728b)
Start importing Assets/Maps/Playground Low Poly/Maps/Demo/Lightmap-5_comp_dir.png using Guid(1f1b8aa6d6b766a45ade0b102359d81d) Importer(815301076,1909f56bfc062723c751e8b465ee728b)  -> (artifact id: '31ecae7eba1065472cab4d4cb5f1b9c8') in 0.011886 seconds 
========================================================================
Received Import Request.
  Time since last request: 434.686367 seconds.
  path: Assets/Low_poly_shop/Prefabs/props/jarst_basket.prefab
  artifactKey: Guid(f83254b9c951727458867e6c61800f6d) Importer(815301076,1909f56bfc062723c751e8b465ee728b)
Start importing Assets/Low_poly_shop/Prefabs/props/jarst_basket.prefab using Guid(f83254b9c951727458867e6c61800f6d) Importer(815301076,1909f56bfc062723c751e8b465ee728b)  -> (artifact id: '90efab2d0ca6dcf87f06623ce1585ed5') in 0.041964 seconds 
========================================================================
Received Import Request.
  Time since last request: 0.000034 seconds.
  path: Assets/Low_poly_shop/Prefabs/props/jarst_bucket_for_washing_the_floor.prefab
  artifactKey: Guid(d27b0c64e617adf40bdd42765fc79e4d) Importer(815301076,1909f56bfc062723c751e8b465ee728b)
Start importing Assets/Low_poly_shop/Prefabs/props/jarst_bucket_for_washing_the_floor.prefab using Guid(d27b0c64e617adf40bdd42765fc79e4d) Importer(815301076,1909f56bfc062723c751e8b465ee728b)  -> (artifact id: 'f6e3fb34fc9884b19e1444269c2e209b') in 0.024870 seconds 
========================================================================
Received Import Request.
  Time since last request: 0.000023 seconds.
  path: Assets/Low_poly_shop/Prefabs/props/jarst_box1.prefab
  artifactKey: Guid(1aa83c6b6dc7a8b4ba6aa12b0f4b424e) Importer(815301076,1909f56bfc062723c751e8b465ee728b)
Start importing Assets/Low_poly_shop/Prefabs/props/jarst_box1.prefab using Guid(1aa83c6b6dc7a8b4ba6aa12b0f4b424e) Importer(815301076,1909f56bfc062723c751e8b465ee728b)  -> (artifact id: '3ca590b7ebef29855a46df5d9b83b7c2') in 0.033085 seconds 
========================================================================
Received Import Request.
  Time since last request: 0.000028 seconds.
  path: Assets/Low_poly_shop/Prefabs/props/jarst_coin.prefab
  artifactKey: Guid(990ac5918a6dc274e9140480d261685b) Importer(815301076,1909f56bfc062723c751e8b465ee728b)
Start importing Assets/Low_poly_shop/Prefabs/props/jarst_coin.prefab using Guid(990ac5918a6dc274e9140480d261685b) Importer(815301076,1909f56bfc062723c751e8b465ee728b)  -> (artifact id: '737c6487cfb55fc7f6fe6433acc09c28') in 0.020381 seconds 
========================================================================
Received Import Request.
  Time since last request: 0.000019 seconds.
  path: Assets/Low_poly_shop/Prefabs/props/jarst_ceiling.prefab
  artifactKey: Guid(833550bb68023bc41ba4b4b1968a16ff) Importer(815301076,1909f56bfc062723c751e8b465ee728b)
Start importing Assets/Low_poly_shop/Prefabs/props/jarst_ceiling.prefab using Guid(833550bb68023bc41ba4b4b1968a16ff) Importer(815301076,1909f56bfc062723c751e8b465ee728b)  -> (artifact id: '872518166fbda3040bea121fd1acd357') in 0.015659 seconds 
========================================================================
Received Import Request.
  Time since last request: 0.000037 seconds.
  path: Assets/Low_poly_shop/Prefabs/props/jarst_coin1.prefab
  artifactKey: Guid(dab85a498307dd943990d934cd7d478b) Importer(815301076,1909f56bfc062723c751e8b465ee728b)
Start importing Assets/Low_poly_shop/Prefabs/props/jarst_coin1.prefab using Guid(dab85a498307dd943990d934cd7d478b) Importer(815301076,1909f56bfc062723c751e8b465ee728b)  -> (artifact id: '537c50b530362ff2146d8ebc13abde05') in 0.014582 seconds 
========================================================================
Received Import Request.
  Time since last request: 0.000027 seconds.
  path: Assets/Low_poly_shop/Prefabs/props/jarst_box2.prefab
  artifactKey: Guid(a17d6a3a9553ce048adcf9956465c2f2) Importer(815301076,1909f56bfc062723c751e8b465ee728b)
Start importing Assets/Low_poly_shop/Prefabs/props/jarst_box2.prefab using Guid(a17d6a3a9553ce048adcf9956465c2f2) Importer(815301076,1909f56bfc062723c751e8b465ee728b)  -> (artifact id: '6e49726c70b4d389399c703edf5e5c3f') in 0.017116 seconds 
========================================================================
Received Import Request.
  Time since last request: 0.000025 seconds.
  path: Assets/Low_poly_shop/Prefabs/props/jarst_box_for_vegetables.prefab
  artifactKey: Guid(19d71bff904ac8f4187c31ebac059d5b) Importer(815301076,1909f56bfc062723c751e8b465ee728b)
Start importing Assets/Low_poly_shop/Prefabs/props/jarst_box_for_vegetables.prefab using Guid(19d71bff904ac8f4187c31ebac059d5b) Importer(815301076,1909f56bfc062723c751e8b465ee728b)  -> (artifact id: 'bfa59c96709e336607c53eeeec4e8017') in 0.016720 seconds 
========================================================================
Received Import Request.
  Time since last request: 1.239963 seconds.
  path: Assets/Low_poly_shop/Prefabs/props/jarst_flags2.prefab
  artifactKey: Guid(af6077c52b004e04abb417485461c6b9) Importer(815301076,1909f56bfc062723c751e8b465ee728b)
Start importing Assets/Low_poly_shop/Prefabs/props/jarst_flags2.prefab using Guid(af6077c52b004e04abb417485461c6b9) Importer(815301076,1909f56bfc062723c751e8b465ee728b)  -> (artifact id: '8ca13bf588ed150c1f314a7d248ebdd7') in 0.013269 seconds 
========================================================================
Received Import Request.
  Time since last request: 0.033060 seconds.
  path: Assets/Low_poly_shop/Prefabs/props/jarst_food_holder.prefab
  artifactKey: Guid(6e8bdb793f129f14d9f05cfda56f0bb0) Importer(815301076,1909f56bfc062723c751e8b465ee728b)
Start importing Assets/Low_poly_shop/Prefabs/props/jarst_food_holder.prefab using Guid(6e8bdb793f129f14d9f05cfda56f0bb0) Importer(815301076,1909f56bfc062723c751e8b465ee728b)  -> (artifact id: 'bca19a81fcd0545a81e0e789976a47c4') in 0.017260 seconds 
========================================================================
Received Import Request.
  Time since last request: 0.053750 seconds.
  path: Assets/Low_poly_shop/Prefabs/props/jarst_garland.prefab
  artifactKey: Guid(f2689963d59ce7c4a8e0faa3b1ba012c) Importer(815301076,1909f56bfc062723c751e8b465ee728b)
Start importing Assets/Low_poly_shop/Prefabs/props/jarst_garland.prefab using Guid(f2689963d59ce7c4a8e0faa3b1ba012c) Importer(815301076,1909f56bfc062723c751e8b465ee728b)  -> (artifact id: 'da4ac13d7a20baf7187cbe5bd9dca608') in 0.012678 seconds 
========================================================================
Received Import Request.
  Time since last request: 0.348330 seconds.
  path: Assets/Low_poly_shop/Prefabs/props/jarst_garland2.prefab
  artifactKey: Guid(4ed89bd334b58934e893802f8457ce48) Importer(815301076,1909f56bfc062723c751e8b465ee728b)
Start importing Assets/Low_poly_shop/Prefabs/props/jarst_garland2.prefab using Guid(4ed89bd334b58934e893802f8457ce48) Importer(815301076,1909f56bfc062723c751e8b465ee728b)  -> (artifact id: 'af6e0ab9adc5a55eecf312aee9fd6050') in 0.012567 seconds 
========================================================================
Received Import Request.
  Time since last request: 0.029102 seconds.
  path: Assets/Low_poly_shop/Prefabs/props/jarst_lamp.prefab
  artifactKey: Guid(c52770da8134f9e4ba426d384249782a) Importer(815301076,1909f56bfc062723c751e8b465ee728b)
Start importing Assets/Low_poly_shop/Prefabs/props/jarst_lamp.prefab using Guid(c52770da8134f9e4ba426d384249782a) Importer(815301076,1909f56bfc062723c751e8b465ee728b)  -> (artifact id: 'f79f2f6ce5dcd1eb3a5eef7fc8c0fa3d') in 0.018591 seconds 
========================================================================
Received Import Request.
  Time since last request: 0.000015 seconds.
  path: Assets/Low_poly_shop/Prefabs/props/jarst_money1.prefab
  artifactKey: Guid(4790276eee6b77d4ba860ff0f6a72dbf) Importer(815301076,1909f56bfc062723c751e8b465ee728b)
Start importing Assets/Low_poly_shop/Prefabs/props/jarst_money1.prefab using Guid(4790276eee6b77d4ba860ff0f6a72dbf) Importer(815301076,1909f56bfc062723c751e8b465ee728b)  -> (artifact id: 'f692c1e878bf0845e9111749c95fb729') in 0.015925 seconds 
========================================================================
Received Import Request.
  Time since last request: 0.317043 seconds.
  path: Assets/Low_poly_shop/Prefabs/props/jarst_package.prefab
  artifactKey: Guid(2d6d9601ce1f6fe4aa6b4e73a23e94b0) Importer(815301076,1909f56bfc062723c751e8b465ee728b)
Start importing Assets/Low_poly_shop/Prefabs/props/jarst_package.prefab using Guid(2d6d9601ce1f6fe4aa6b4e73a23e94b0) Importer(815301076,1909f56bfc062723c751e8b465ee728b)  -> (artifact id: 'b9e46ba6bb85417868c1b3ac49a56eed') in 0.013304 seconds 
========================================================================
Received Import Request.
  Time since last request: 0.026212 seconds.
  path: Assets/Low_poly_shop/Prefabs/props/jarst_plate.prefab
  artifactKey: Guid(18465486290d1d64b9c7dcd9c5ede914) Importer(815301076,1909f56bfc062723c751e8b465ee728b)
Start importing Assets/Low_poly_shop/Prefabs/props/jarst_plate.prefab using Guid(18465486290d1d64b9c7dcd9c5ede914) Importer(815301076,1909f56bfc062723c751e8b465ee728b)  -> (artifact id: '4b0f3f3d12296088009dfc724c5ada19') in 0.016278 seconds 
========================================================================
Received Import Request.
  Time since last request: 0.002326 seconds.
  path: Assets/Low_poly_shop/Prefabs/props/jarst_price_tag.prefab
  artifactKey: Guid(47b5bbbd5819f5d459264851abcb62cb) Importer(815301076,1909f56bfc062723c751e8b465ee728b)
Start importing Assets/Low_poly_shop/Prefabs/props/jarst_price_tag.prefab using Guid(47b5bbbd5819f5d459264851abcb62cb) Importer(815301076,1909f56bfc062723c751e8b465ee728b)  -> (artifact id: 'b9654f189ae5519b47debf47cbc90ecf') in 0.019528 seconds 
========================================================================
Received Import Request.
  Time since last request: 0.308760 seconds.
  path: Assets/Low_poly_shop/Prefabs/props/jarst_puddle.prefab
  artifactKey: Guid(cfab5e2906518064ebb4ef6bd3da2ea8) Importer(815301076,1909f56bfc062723c751e8b465ee728b)
Start importing Assets/Low_poly_shop/Prefabs/props/jarst_puddle.prefab using Guid(cfab5e2906518064ebb4ef6bd3da2ea8) Importer(815301076,1909f56bfc062723c751e8b465ee728b)  -> (artifact id: '0574e7ee518c91d7fad00dc6b23d5fe0') in 0.013889 seconds 
========================================================================
Received Import Request.
  Time since last request: 0.029872 seconds.
  path: Assets/Low_poly_shop/Prefabs/props/jarst_reward.prefab
  artifactKey: Guid(7c5654f5871c7d140a7b563fd6b26c66) Importer(815301076,1909f56bfc062723c751e8b465ee728b)
Start importing Assets/Low_poly_shop/Prefabs/props/jarst_reward.prefab using Guid(7c5654f5871c7d140a7b563fd6b26c66) Importer(815301076,1909f56bfc062723c751e8b465ee728b)  -> (artifact id: 'f9f6d86f4d1afa58c9b9dd286f765ea1') in 0.021071 seconds 
========================================================================
Received Import Request.
  Time since last request: 0.000020 seconds.
  path: Assets/Low_poly_shop/Prefabs/props/jarst_reward1.prefab
  artifactKey: Guid(6fcf3660f62cc1849802e79f29358a9a) Importer(815301076,1909f56bfc062723c751e8b465ee728b)
Start importing Assets/Low_poly_shop/Prefabs/props/jarst_reward1.prefab using Guid(6fcf3660f62cc1849802e79f29358a9a) Importer(815301076,1909f56bfc062723c751e8b465ee728b)  -> (artifact id: '249cef71cf90cdcc0357bfec0c5e9b6b') in 0.017907 seconds 
========================================================================
Received Import Request.
  Time since last request: 0.006944 seconds.
  path: Assets/Low_poly_shop/Prefabs/props/jarst_reward4.prefab
  artifactKey: Guid(105a8793542ec2a4484b2e24c3121c5a) Importer(815301076,1909f56bfc062723c751e8b465ee728b)
Start importing Assets/Low_poly_shop/Prefabs/props/jarst_reward4.prefab using Guid(105a8793542ec2a4484b2e24c3121c5a) Importer(815301076,1909f56bfc062723c751e8b465ee728b)  -> (artifact id: '1011806eb3685ead54df2a57637dbc8e') in 0.019630 seconds 
========================================================================
Received Import Request.
  Time since last request: 0.026839 seconds.
  path: Assets/Low_poly_shop/Prefabs/props/jarst_reward6.prefab
  artifactKey: Guid(5b8fc48628f5b5344896e880a6ef4b42) Importer(815301076,1909f56bfc062723c751e8b465ee728b)
Start importing Assets/Low_poly_shop/Prefabs/props/jarst_reward6.prefab using Guid(5b8fc48628f5b5344896e880a6ef4b42) Importer(815301076,1909f56bfc062723c751e8b465ee728b)  -> (artifact id: '76f34bd23e2285ebd3537c9b1d4eb6a1') in 0.013321 seconds 
========================================================================
Received Import Request.
  Time since last request: 0.294376 seconds.
  path: Assets/Low_poly_shop/Prefabs/props/jarst_sign1.prefab
  artifactKey: Guid(d35ad06e73b672d4388ef85303c0295a) Importer(815301076,1909f56bfc062723c751e8b465ee728b)
Start importing Assets/Low_poly_shop/Prefabs/props/jarst_sign1.prefab using Guid(d35ad06e73b672d4388ef85303c0295a) Importer(815301076,1909f56bfc062723c751e8b465ee728b)  -> (artifact id: '5ce74ab90ddcb095af11556828213c5b') in 0.013969 seconds 
========================================================================
Received Import Request.
  Time since last request: 0.389179 seconds.
  path: Assets/Low_poly_shop/Prefabs/props/jarst_sign3.prefab
  artifactKey: Guid(8b5f9340388290047ac68406f738d531) Importer(815301076,1909f56bfc062723c751e8b465ee728b)
Start importing Assets/Low_poly_shop/Prefabs/props/jarst_sign3.prefab using Guid(8b5f9340388290047ac68406f738d531) Importer(815301076,1909f56bfc062723c751e8b465ee728b)  -> (artifact id: '47025aa96d6c2ff9de2773295498b88d') in 0.016630 seconds 
========================================================================
Received Import Request.
  Time since last request: 0.023194 seconds.
  path: Assets/Low_poly_shop/Prefabs/props/jarst_sign_closed.prefab
  artifactKey: Guid(807617128d810844e9aae1f50be5a937) Importer(815301076,1909f56bfc062723c751e8b465ee728b)
Start importing Assets/Low_poly_shop/Prefabs/props/jarst_sign_closed.prefab using Guid(807617128d810844e9aae1f50be5a937) Importer(815301076,1909f56bfc062723c751e8b465ee728b)  -> (artifact id: '68b23c04c9e6500ea3962b15a30d9a78') in 0.017889 seconds 
========================================================================
Received Import Request.
  Time since last request: 0.008634 seconds.
  path: Assets/Low_poly_shop/Prefabs/props/jarst_surveillance_camera.prefab
  artifactKey: Guid(131047d89453dae4aadf29adceb09dec) Importer(815301076,1909f56bfc062723c751e8b465ee728b)
Start importing Assets/Low_poly_shop/Prefabs/props/jarst_surveillance_camera.prefab using Guid(131047d89453dae4aadf29adceb09dec) Importer(815301076,1909f56bfc062723c751e8b465ee728b)  -> (artifact id: 'c4f1071ef21fed3fc9c8afd439ff348a') in 0.019132 seconds 
========================================================================
Received Import Request.
  Time since last request: 0.000017 seconds.
  path: Assets/Low_poly_shop/Prefabs/props/jarst_table_rack.prefab
  artifactKey: Guid(bbbffa14a4820fb44ba3f34e310778c9) Importer(815301076,1909f56bfc062723c751e8b465ee728b)
Start importing Assets/Low_poly_shop/Prefabs/props/jarst_table_rack.prefab using Guid(bbbffa14a4820fb44ba3f34e310778c9) Importer(815301076,1909f56bfc062723c751e8b465ee728b)  -> (artifact id: '5498fe9ee4f8c50cc0df737f15ba1ce1') in 0.015301 seconds 
========================================================================
Received Import Request.
  Time since last request: 0.000026 seconds.
  path: Assets/Low_poly_shop/Prefabs/props/jarst_vertebral_rack1.prefab
  artifactKey: Guid(fa0ca246b448a4c49a2d062c3674579f) Importer(815301076,1909f56bfc062723c751e8b465ee728b)
Start importing Assets/Low_poly_shop/Prefabs/props/jarst_vertebral_rack1.prefab using Guid(fa0ca246b448a4c49a2d062c3674579f) Importer(815301076,1909f56bfc062723c751e8b465ee728b)  -> (artifact id: '30e207b937e69afaaf712e247da5692e') in 0.013170 seconds 
========================================================================
Received Import Request.
  Time since last request: 0.000041 seconds.
  path: Assets/Low_poly_shop/Prefabs/props/jarst_wall.prefab
  artifactKey: Guid(8b39a540970079145b70d8a57a7a06f4) Importer(815301076,1909f56bfc062723c751e8b465ee728b)
Start importing Assets/Low_poly_shop/Prefabs/props/jarst_wall.prefab using Guid(8b39a540970079145b70d8a57a7a06f4) Importer(815301076,1909f56bfc062723c751e8b465ee728b)  -> (artifact id: 'bef44bbd76cbc7fdcf210c8bffadc197') in 0.015943 seconds 
Editor requested this worker to shutdown with reason: Scaling down because of idle timeout
AssetImportWorker is now disconnected from the server
Process exiting
Exiting without the bug reporter. Application will terminate with return code 0