Using pre-set license
Built from '2021.3/staging' branch; Version is '2021.3.7f1 (24e8595d6d43) revision 2418777'; Using compiler version '192829333'; Build Type 'Release'
OS: 'Windows 10  (10.0.19044) 64bit Professional' Language: 'ko' Physical Memory: 15761 MB
BatchMode: 1, IsHumanControllingUs: 0, StartBugReporterOnCrash: 0, Is64bit: 1, IsPro: 1

COMMAND LINE ARGUMENTS:
C:\Program Files\Unity\Hub\Editor\2021.3.7f1\Editor\Unity.exe
-adb2
-batchMode
-noUpm
-name
AssetImportWorker0
-projectPath
C:/Users/User/Desktop/onechance03/DDC/DDC/DidUWalk
-logFile
Logs/AssetImportWorker0.log
-srvPort
52982
Successfully changed project path to: C:/Users/User/Desktop/onechance03/DDC/DDC/DidUWalk
C:/Users/User/Desktop/onechance03/DDC/DDC/DidUWalk
[UnityMemory] Configuration Parameters - Can be set up in boot.config
    "memorysetup-bucket-allocator-granularity=16"
    "memorysetup-bucket-allocator-bucket-count=8"
    "memorysetup-bucket-allocator-block-size=33554432"
    "memorysetup-bucket-allocator-block-count=8"
    "memorysetup-main-allocator-block-size=16777216"
    "memorysetup-thread-allocator-block-size=16777216"
    "memorysetup-gfx-main-allocator-block-size=16777216"
    "memorysetup-gfx-thread-allocator-block-size=16777216"
    "memorysetup-cache-allocator-block-size=4194304"
    "memorysetup-typetree-allocator-block-size=2097152"
    "memorysetup-profiler-bucket-allocator-granularity=16"
    "memorysetup-profiler-bucket-allocator-bucket-count=8"
    "memorysetup-profiler-bucket-allocator-block-size=33554432"
    "memorysetup-profiler-bucket-allocator-block-count=8"
    "memorysetup-profiler-allocator-block-size=16777216"
    "memorysetup-profiler-editor-allocator-block-size=1048576"
    "memorysetup-temp-allocator-size-main=16777216"
    "memorysetup-job-temp-allocator-block-size=2097152"
    "memorysetup-job-temp-allocator-block-size-background=1048576"
    "memorysetup-job-temp-allocator-reduction-small-platforms=262144"
    "memorysetup-temp-allocator-size-background-worker=32768"
    "memorysetup-temp-allocator-size-job-worker=262144"
    "memorysetup-temp-allocator-size-preload-manager=33554432"
    "memorysetup-temp-allocator-size-nav-mesh-worker=65536"
    "memorysetup-temp-allocator-size-audio-worker=65536"
    "memorysetup-temp-allocator-size-cloud-worker=32768"
    "memorysetup-temp-allocator-size-gi-baking-worker=262144"
    "memorysetup-temp-allocator-size-gfx=262144"
Refreshing native plugins compatible for Editor in 67.71 ms, found 3 plugins.
Preloading 0 native plugins for Editor in 0.00 ms.
Initialize engine version: 2021.3.7f1 (24e8595d6d43)
[Subsystems] Discovering subsystems at path C:/Program Files/Unity/Hub/Editor/2021.3.7f1/Editor/Data/Resources/UnitySubsystems
[Subsystems] Discovering subsystems at path C:/Users/User/Desktop/onechance03/DDC/DDC/DidUWalk/Assets
GfxDevice: creating device client; threaded=0; jobified=0
Direct3D:
    Version:  Direct3D 11.0 [level 11.1]
    Renderer: AMD Radeon(TM) Graphics (ID=0x1638)
    Vendor:   ATI
    VRAM:     7880 MB
    Driver:   30.0.13023.4001
Initialize mono
Mono path[0] = 'C:/Program Files/Unity/Hub/Editor/2021.3.7f1/Editor/Data/Managed'
Mono path[1] = 'C:/Program Files/Unity/Hub/Editor/2021.3.7f1/Editor/Data/MonoBleedingEdge/lib/mono/unityjit-win32'
Mono config path = 'C:/Program Files/Unity/Hub/Editor/2021.3.7f1/Editor/Data/MonoBleedingEdge/etc'
Using monoOptions --debugger-agent=transport=dt_socket,embedding=1,server=y,suspend=n,address=127.0.0.1:56008
Begin MonoManager ReloadAssembly
Registering precompiled unity dll's ...
Register platform support module: C:/Program Files/Unity/Hub/Editor/2021.3.7f1/Editor/Data/PlaybackEngines/WebGLSupport/UnityEditor.WebGL.Extensions.dll
Register platform support module: C:/Program Files/Unity/Hub/Editor/2021.3.7f1/Editor/Data/PlaybackEngines/AndroidPlayer/UnityEditor.Android.Extensions.dll
Register platform support module: C:/Program Files/Unity/Hub/Editor/2021.3.7f1/Editor/Data/PlaybackEngines/iOSSupport/UnityEditor.iOS.Extensions.dll
Register platform support module: C:/Program Files/Unity/Hub/Editor/2021.3.7f1/Editor/Data/PlaybackEngines/WindowsStandaloneSupport/UnityEditor.WindowsStandalone.Extensions.dll
Registered in 0.019105 seconds.
Native extension for WindowsStandalone target not found
[usbmuxd] Start listen thread
[usbmuxd] Listen thread started
Native extension for iOS target not found
Native extension for Android target not found
Native extension for WebGL target not found
Refreshing native plugins compatible for Editor in 63.54 ms, found 3 plugins.
Preloading 0 native plugins for Editor in 0.00 ms.
Mono: successfully reloaded assembly
- Completed reload, in  0.598 seconds
Domain Reload Profiling:
	ReloadAssembly (598ms)
		BeginReloadAssembly (82ms)
			ExecutionOrderSort (0ms)
			DisableScriptedObjects (0ms)
			BackupInstance (0ms)
			ReleaseScriptingObjects (0ms)
			CreateAndSetChildDomain (1ms)
		EndReloadAssembly (404ms)
			LoadAssemblies (80ms)
			RebuildTransferFunctionScriptingTraits (0ms)
			SetupTypeCache (83ms)
			ReleaseScriptCaches (0ms)
			RebuildScriptCaches (23ms)
			SetupLoadedEditorAssemblies (251ms)
				LogAssemblyErrors (0ms)
				InitializePlatformSupportModulesInManaged (62ms)
				SetLoadedEditorAssemblies (0ms)
				RefreshPlugins (64ms)
				BeforeProcessingInitializeOnLoad (1ms)
				ProcessInitializeOnLoadAttributes (86ms)
				ProcessInitializeOnLoadMethodAttributes (38ms)
				AfterProcessingInitializeOnLoad (0ms)
				EditorAssembliesLoaded (0ms)
			ExecutionOrderSort2 (0ms)
			AwakeInstancesAfterBackupRestoration (0ms)
Platform modules already initialized, skipping
Registering precompiled user dll's ...
Registered in 0.009536 seconds.
Begin MonoManager ReloadAssembly
Symbol file LoadedFromMemory doesn't match image C:\Users\User\Desktop\onechance03\DDC\DDC\DidUWalk\Library\PackageCache\com.unity.visualscripting@1.7.8\Editor\VisualScripting.Core\Dependencies\YamlDotNet\Unity.VisualScripting.YamlDotNet.dll
Symbol file LoadedFromMemory doesn't match image C:\Users\User\Desktop\onechance03\DDC\DDC\DidUWalk\Library\PackageCache\com.unity.visualscripting@1.7.8\Editor\VisualScripting.Core\Dependencies\DotNetZip\Unity.VisualScripting.IonicZip.dll
Native extension for WindowsStandalone target not found
Native extension for iOS target not found
Native extension for Android target not found
Native extension for WebGL target not found
Refreshing native plugins compatible for Editor in 0.62 ms, found 3 plugins.
Preloading 0 native plugins for Editor in 0.00 ms.
Mono: successfully reloaded assembly
- Completed reload, in  1.579 seconds
Domain Reload Profiling:
	ReloadAssembly (1579ms)
		BeginReloadAssembly (768ms)
			ExecutionOrderSort (0ms)
			DisableScriptedObjects (5ms)
			BackupInstance (0ms)
			ReleaseScriptingObjects (0ms)
			CreateAndSetChildDomain (675ms)
		EndReloadAssembly (709ms)
			LoadAssemblies (97ms)
			RebuildTransferFunctionScriptingTraits (0ms)
			SetupTypeCache (201ms)
			ReleaseScriptCaches (0ms)
			RebuildScriptCaches (40ms)
			SetupLoadedEditorAssemblies (350ms)
				LogAssemblyErrors (0ms)
				InitializePlatformSupportModulesInManaged (28ms)
				SetLoadedEditorAssemblies (0ms)
				RefreshPlugins (1ms)
				BeforeProcessingInitializeOnLoad (94ms)
				ProcessInitializeOnLoadAttributes (190ms)
				ProcessInitializeOnLoadMethodAttributes (23ms)
				AfterProcessingInitializeOnLoad (14ms)
				EditorAssembliesLoaded (0ms)
			ExecutionOrderSort2 (0ms)
			AwakeInstancesAfterBackupRestoration (5ms)
Platform modules already initialized, skipping
========================================================================
Worker process is ready to serve import requests
Launched and connected shader compiler UnityShaderCompiler.exe after 0.04 seconds
Refreshing native plugins compatible for Editor in 0.66 ms, found 3 plugins.
Preloading 0 native plugins for Editor in 0.00 ms.
Unloading 3377 Unused Serialized files (Serialized files now loaded: 0)
Unloading 27 unused Assets / (111.4 KB). Loaded Objects now: 3836.
Memory consumption went from 116.6 MB to 116.5 MB.
Total: 2.520600 ms (FindLiveObjects: 0.199900 ms CreateObjectMapping: 0.093100 ms MarkObjects: 2.126600 ms  DeleteObjects: 0.100300 ms)

AssetImportParameters requested are different than current active one (requested -> active):
  custom:video-decoder-ogg-theora: a1e56fd34408186e4bbccfd4996cb3dc -> 
  custom:container-muxer-webm: aa71ff27fc2769a1b78a27578f13a17b -> 
  custom:container-demuxer-webm: 4f35f7cbe854078d1ac9338744f61a02 -> 
  custom:video-encoder-webm-vp8: eb34c28f22e8b96e1ab97ce403110664 -> 
  custom:audio-encoder-webm-vorbis: bf7c407c2cedff20999df2af8eb42d56 -> 
  custom:framework-win-MediaFoundation: 216162199b28c13a410421893ffa2e32 -> 
  custom:container-demuxer-ogg: 62fdf1f143b41e24485cea50d1cbac27 -> 
  custom:video-decoder-webm-vp8: 9c59270c3fd7afecdb556c50c9e8de78 -> 
  custom:audio-decoder-ogg-vorbis: bf7c407c2cedff20999df2af8eb42d56 -> 
========================================================================
Received Import Request.
  Time since last request: 415424.058662 seconds.
  path: Assets/German Town Stylized/DEMO SCENES/DEMO SCENE Germany.unity
  artifactKey: Guid(6b2fde4e0518cdb4cb45a0b77c652e69) Importer(815301076,1909f56bfc062723c751e8b465ee728b)
Start importing Assets/German Town Stylized/DEMO SCENES/DEMO SCENE Germany.unity using Guid(6b2fde4e0518cdb4cb45a0b77c652e69) Importer(815301076,1909f56bfc062723c751e8b465ee728b)  -> (artifact id: '827f9680f3963d0e0eaf667f47670165') in 0.008767 seconds 
========================================================================
Received Import Request.
  Time since last request: 0.000016 seconds.
  path: Assets/German Town Stylized/DEMO SCENES
  artifactKey: Guid(a66677d4c66f75640afc2e3e44268b68) Importer(815301076,1909f56bfc062723c751e8b465ee728b)
Start importing Assets/German Town Stylized/DEMO SCENES using Guid(a66677d4c66f75640afc2e3e44268b68) Importer(815301076,1909f56bfc062723c751e8b465ee728b)  -> (artifact id: 'f82e01f36928bb6e1b40af613246f53e') in 0.002793 seconds 
========================================================================
Received Import Request.
  Time since last request: 0.000022 seconds.
  path: Assets/German Town Stylized/DEMO SCENES/SHOWCASE SCENE 1.unity
  artifactKey: Guid(51446bbc878ae0f439cdf0be9fb2f4e6) Importer(815301076,1909f56bfc062723c751e8b465ee728b)
Start importing Assets/German Town Stylized/DEMO SCENES/SHOWCASE SCENE 1.unity using Guid(51446bbc878ae0f439cdf0be9fb2f4e6) Importer(815301076,1909f56bfc062723c751e8b465ee728b)  -> (artifact id: '41551f88702b0b342a761b51eea2b686') in 0.002711 seconds 
========================================================================
Received Prepare
Registering precompiled user dll's ...
Registered in 0.008936 seconds.
Begin MonoManager ReloadAssembly
Symbol file LoadedFromMemory doesn't match image C:\Users\User\Desktop\onechance03\DDC\DDC\DidUWalk\Library\PackageCache\com.unity.visualscripting@1.7.8\Editor\VisualScripting.Core\Dependencies\YamlDotNet\Unity.VisualScripting.YamlDotNet.dll
Symbol file LoadedFromMemory doesn't match image C:\Users\User\Desktop\onechance03\DDC\DDC\DidUWalk\Library\PackageCache\com.unity.visualscripting@1.7.8\Editor\VisualScripting.Core\Dependencies\DotNetZip\Unity.VisualScripting.IonicZip.dll
Native extension for WindowsStandalone target not found
Native extension for iOS target not found
Native extension for Android target not found
Native extension for WebGL target not found
Refreshing native plugins compatible for Editor in 1.03 ms, found 3 plugins.
Preloading 0 native plugins for Editor in 0.00 ms.
Mono: successfully reloaded assembly
- Completed reload, in  1.025 seconds
Domain Reload Profiling:
	ReloadAssembly (1026ms)
		BeginReloadAssembly (143ms)
			ExecutionOrderSort (0ms)
			DisableScriptedObjects (5ms)
			BackupInstance (0ms)
			ReleaseScriptingObjects (0ms)
			CreateAndSetChildDomain (32ms)
		EndReloadAssembly (787ms)
			LoadAssemblies (117ms)
			RebuildTransferFunctionScriptingTraits (0ms)
			SetupTypeCache (236ms)
			ReleaseScriptCaches (2ms)
			RebuildScriptCaches (40ms)
			SetupLoadedEditorAssemblies (361ms)
				LogAssemblyErrors (0ms)
				InitializePlatformSupportModulesInManaged (42ms)
				SetLoadedEditorAssemblies (1ms)
				RefreshPlugins (1ms)
				BeforeProcessingInitializeOnLoad (88ms)
				ProcessInitializeOnLoadAttributes (185ms)
				ProcessInitializeOnLoadMethodAttributes (29ms)
				AfterProcessingInitializeOnLoad (16ms)
				EditorAssembliesLoaded (0ms)
			ExecutionOrderSort2 (0ms)
			AwakeInstancesAfterBackupRestoration (7ms)
Platform modules already initialized, skipping
Refreshing native plugins compatible for Editor in 2.89 ms, found 3 plugins.
Preloading 0 native plugins for Editor in 0.00 ms.
Unloading 3372 Unused Serialized files (Serialized files now loaded: 0)
Unloading 20 unused Assets / (78.4 KB). Loaded Objects now: 3839.
Memory consumption went from 116.5 MB to 116.4 MB.
Total: 3.387600 ms (FindLiveObjects: 0.301600 ms CreateObjectMapping: 0.092500 ms MarkObjects: 2.851200 ms  DeleteObjects: 0.141400 ms)

AssetImportParameters requested are different than current active one (requested -> active):
  custom:video-decoder-ogg-theora: a1e56fd34408186e4bbccfd4996cb3dc -> 
  custom:container-muxer-webm: aa71ff27fc2769a1b78a27578f13a17b -> 
  custom:container-demuxer-webm: 4f35f7cbe854078d1ac9338744f61a02 -> 
  custom:video-encoder-webm-vp8: eb34c28f22e8b96e1ab97ce403110664 -> 
  custom:audio-encoder-webm-vorbis: bf7c407c2cedff20999df2af8eb42d56 -> 
  custom:framework-win-MediaFoundation: 216162199b28c13a410421893ffa2e32 -> 
  custom:container-demuxer-ogg: 62fdf1f143b41e24485cea50d1cbac27 -> 
  custom:video-decoder-webm-vp8: 9c59270c3fd7afecdb556c50c9e8de78 -> 
  custom:audio-decoder-ogg-vorbis: bf7c407c2cedff20999df2af8eb42d56 -> 
========================================================================
Received Import Request.
  Time since last request: 242.371863 seconds.
  path: Assets/Scenes/SampleScene.unity
  artifactKey: Guid(9fc0d4010bbf28b4594072e72b8655ab) Importer(815301076,1909f56bfc062723c751e8b465ee728b)
Start importing Assets/Scenes/SampleScene.unity using Guid(9fc0d4010bbf28b4594072e72b8655ab) Importer(815301076,1909f56bfc062723c751e8b465ee728b)  -> (artifact id: 'e55ccaa32d8e5c1de03c07a5412c8c3c') in 0.011224 seconds 
========================================================================
Received Import Request.
  Time since last request: 4.584439 seconds.
  path: Assets
  artifactKey: Guid(00000000000000001000000000000000) Importer(815301076,1909f56bfc062723c751e8b465ee728b)
Start importing Assets using Guid(00000000000000001000000000000000) Importer(815301076,1909f56bfc062723c751e8b465ee728b)  -> (artifact id: '79842766b460edbeab6a34051e857a80') in 0.002866 seconds 
========================================================================
Received Import Request.
  Time since last request: 11.490982 seconds.
  path: Assets/Maps
  artifactKey: Guid(622eb701110a18f449770705ac5966b1) Importer(815301076,1909f56bfc062723c751e8b465ee728b)
Start importing Assets/Maps using Guid(622eb701110a18f449770705ac5966b1) Importer(815301076,1909f56bfc062723c751e8b465ee728b)  -> (artifact id: 'dcdcef20708d1ffb66835d473a0d21c8') in 0.003033 seconds 
========================================================================
Received Import Request.
  Time since last request: 6.925573 seconds.
  path: Assets/Maps/SimplePoly City - Low Poly Assets
  artifactKey: Guid(1dd2ff2c710a3fe4aab12bfdcdb81f03) Importer(815301076,1909f56bfc062723c751e8b465ee728b)
Start importing Assets/Maps/SimplePoly City - Low Poly Assets using Guid(1dd2ff2c710a3fe4aab12bfdcdb81f03) Importer(815301076,1909f56bfc062723c751e8b465ee728b)  -> (artifact id: '69627d21e32101783abb9c298df6a15b') in 0.003353 seconds 
========================================================================
Received Import Request.
  Time since last request: 1.952879 seconds.
  path: Assets/Maps/SimplePoly City - Low Poly Assets/Demo
  artifactKey: Guid(57ac69cc31687cc4d80c5fe20dd30058) Importer(815301076,1909f56bfc062723c751e8b465ee728b)
Start importing Assets/Maps/SimplePoly City - Low Poly Assets/Demo using Guid(57ac69cc31687cc4d80c5fe20dd30058) Importer(815301076,1909f56bfc062723c751e8b465ee728b)  -> (artifact id: '1df4f387b313e6341cc654db93efb183') in 0.003838 seconds 
========================================================================
Received Import Request.
  Time since last request: 0.878457 seconds.
  path: Assets/Maps/SimplePoly City - Low Poly Assets/Demo/SimplePoly City - Low Poly Assets_Demo Scene.unity
  artifactKey: Guid(7e6d3f4e5d896154ab4438845532ac3e) Importer(815301076,1909f56bfc062723c751e8b465ee728b)
Start importing Assets/Maps/SimplePoly City - Low Poly Assets/Demo/SimplePoly City - Low Poly Assets_Demo Scene.unity using Guid(7e6d3f4e5d896154ab4438845532ac3e) Importer(815301076,1909f56bfc062723c751e8b465ee728b)  -> (artifact id: '945e02059ec6d9d7c67aad219504afc3') in 0.003711 seconds 
========================================================================
Received Prepare
Registering precompiled user dll's ...
Registered in 0.008704 seconds.
Begin MonoManager ReloadAssembly
Symbol file LoadedFromMemory doesn't match image C:\Users\User\Desktop\onechance03\DDC\DDC\DidUWalk\Library\PackageCache\com.unity.visualscripting@1.7.8\Editor\VisualScripting.Core\Dependencies\YamlDotNet\Unity.VisualScripting.YamlDotNet.dll
Symbol file LoadedFromMemory doesn't match image C:\Users\User\Desktop\onechance03\DDC\DDC\DidUWalk\Library\PackageCache\com.unity.visualscripting@1.7.8\Editor\VisualScripting.Core\Dependencies\DotNetZip\Unity.VisualScripting.IonicZip.dll
Native extension for WindowsStandalone target not found
Native extension for iOS target not found
Native extension for Android target not found
Native extension for WebGL target not found
Refreshing native plugins compatible for Editor in 1.16 ms, found 3 plugins.
Preloading 0 native plugins for Editor in 0.00 ms.
Mono: successfully reloaded assembly
- Completed reload, in  1.025 seconds
Domain Reload Profiling:
	ReloadAssembly (1025ms)
		BeginReloadAssembly (164ms)
			ExecutionOrderSort (0ms)
			DisableScriptedObjects (8ms)
			BackupInstance (0ms)
			ReleaseScriptingObjects (0ms)
			CreateAndSetChildDomain (42ms)
		EndReloadAssembly (763ms)
			LoadAssemblies (114ms)
			RebuildTransferFunctionScriptingTraits (0ms)
			SetupTypeCache (228ms)
			ReleaseScriptCaches (2ms)
			RebuildScriptCaches (40ms)
			SetupLoadedEditorAssemblies (354ms)
				LogAssemblyErrors (0ms)
				InitializePlatformSupportModulesInManaged (40ms)
				SetLoadedEditorAssemblies (1ms)
				RefreshPlugins (1ms)
				BeforeProcessingInitializeOnLoad (81ms)
				ProcessInitializeOnLoadAttributes (187ms)
				ProcessInitializeOnLoadMethodAttributes (30ms)
				AfterProcessingInitializeOnLoad (15ms)
				EditorAssembliesLoaded (0ms)
			ExecutionOrderSort2 (0ms)
			AwakeInstancesAfterBackupRestoration (6ms)
Platform modules already initialized, skipping
Refreshing native plugins compatible for Editor in 3.24 ms, found 3 plugins.
Preloading 0 native plugins for Editor in 0.00 ms.
Unloading 3372 Unused Serialized files (Serialized files now loaded: 0)
Unloading 20 unused Assets / (78.6 KB). Loaded Objects now: 3842.
Memory consumption went from 118.4 MB to 118.4 MB.
Total: 3.406900 ms (FindLiveObjects: 0.273400 ms CreateObjectMapping: 0.081300 ms MarkObjects: 2.957000 ms  DeleteObjects: 0.094200 ms)

AssetImportParameters requested are different than current active one (requested -> active):
  custom:video-decoder-ogg-theora: a1e56fd34408186e4bbccfd4996cb3dc -> 
  custom:container-muxer-webm: aa71ff27fc2769a1b78a27578f13a17b -> 
  custom:container-demuxer-webm: 4f35f7cbe854078d1ac9338744f61a02 -> 
  custom:video-encoder-webm-vp8: eb34c28f22e8b96e1ab97ce403110664 -> 
  custom:audio-encoder-webm-vorbis: bf7c407c2cedff20999df2af8eb42d56 -> 
  custom:framework-win-MediaFoundation: 216162199b28c13a410421893ffa2e32 -> 
  custom:container-demuxer-ogg: 62fdf1f143b41e24485cea50d1cbac27 -> 
  custom:video-decoder-webm-vp8: 9c59270c3fd7afecdb556c50c9e8de78 -> 
  custom:audio-decoder-ogg-vorbis: bf7c407c2cedff20999df2af8eb42d56 -> 
========================================================================
Received Import Request.
  Time since last request: 140.915449 seconds.
  path: Assets/EnvironmentPack/FurnitureStoreExterior
  artifactKey: Guid(f307844a74481ea4081a427b16b30903) Importer(815301076,1909f56bfc062723c751e8b465ee728b)
Start importing Assets/EnvironmentPack/FurnitureStoreExterior using Guid(f307844a74481ea4081a427b16b30903) Importer(815301076,1909f56bfc062723c751e8b465ee728b)  -> (artifact id: 'd0498882552876431e6fed6975bfde1c') in 0.008934 seconds 
========================================================================
Received Import Request.
  Time since last request: 2.078981 seconds.
  path: Assets/EnvironmentPack/FurnitureStoreExterior/FurnitureStoreExterior.unity
  artifactKey: Guid(6545c0ffd5fef2a4b98cf3ffbec066a9) Importer(815301076,1909f56bfc062723c751e8b465ee728b)
Start importing Assets/EnvironmentPack/FurnitureStoreExterior/FurnitureStoreExterior.unity using Guid(6545c0ffd5fef2a4b98cf3ffbec066a9) Importer(815301076,1909f56bfc062723c751e8b465ee728b)  -> (artifact id: 'e839894853c014d31047e06c55144d80') in 0.003333 seconds 
========================================================================
Received Import Request.
  Time since last request: 7.673490 seconds.
  path: Assets/EnvironmentPack/FurnitureStoreExterior/FBX
  artifactKey: Guid(c96ad89e63f060240b90819761a373cd) Importer(815301076,1909f56bfc062723c751e8b465ee728b)
Start importing Assets/EnvironmentPack/FurnitureStoreExterior/FBX using Guid(c96ad89e63f060240b90819761a373cd) Importer(815301076,1909f56bfc062723c751e8b465ee728b)  -> (artifact id: '2d3aa95d1174a111d74346bae24a6968') in 0.003527 seconds 
========================================================================
Received Import Request.
  Time since last request: 0.335999 seconds.
  path: Assets/EnvironmentPack/FurnitureStoreExterior/Material
  artifactKey: Guid(2dcccf3d2ddaafd4f96662e2040b1b70) Importer(815301076,1909f56bfc062723c751e8b465ee728b)
Start importing Assets/EnvironmentPack/FurnitureStoreExterior/Material using Guid(2dcccf3d2ddaafd4f96662e2040b1b70) Importer(815301076,1909f56bfc062723c751e8b465ee728b)  -> (artifact id: '9145fa6b4e98f576a4f27539758af2b4') in 0.003685 seconds 
========================================================================
Received Import Request.
  Time since last request: 0.289764 seconds.
  path: Assets/EnvironmentPack/FurnitureStoreExterior/Prefabs
  artifactKey: Guid(e327d2762752599448b0b99767488e79) Importer(815301076,1909f56bfc062723c751e8b465ee728b)
Start importing Assets/EnvironmentPack/FurnitureStoreExterior/Prefabs using Guid(e327d2762752599448b0b99767488e79) Importer(815301076,1909f56bfc062723c751e8b465ee728b)  -> (artifact id: '66ac2e1e1d27983f868f43e7fe848ccf') in 0.003359 seconds 
========================================================================
Received Import Request.
  Time since last request: 1.277668 seconds.
  path: Assets/EnvironmentPack/FurnitureStoreExterior/Textures
  artifactKey: Guid(c711105e26483324aaef8d020abb30dc) Importer(815301076,1909f56bfc062723c751e8b465ee728b)
Start importing Assets/EnvironmentPack/FurnitureStoreExterior/Textures using Guid(c711105e26483324aaef8d020abb30dc) Importer(815301076,1909f56bfc062723c751e8b465ee728b)  -> (artifact id: '837ba04d076d4317a11652c556bbf364') in 0.003736 seconds 
========================================================================
Received Import Request.
  Time since last request: 0.311663 seconds.
  path: Assets/EnvironmentPack/FurnitureStoreExterior/StoreExteriorPostProcessing&Reflection 1
  artifactKey: Guid(98955e69640b2d24ebf3efa53684dbe0) Importer(815301076,1909f56bfc062723c751e8b465ee728b)
Start importing Assets/EnvironmentPack/FurnitureStoreExterior/StoreExteriorPostProcessing&Reflection 1 using Guid(98955e69640b2d24ebf3efa53684dbe0) Importer(815301076,1909f56bfc062723c751e8b465ee728b)  -> (artifact id: 'd5017786ea28aa799bc4b495d6e11f41') in 0.003434 seconds 
========================================================================
Received Import Request.
  Time since last request: 0.303517 seconds.
  path: Assets/EnvironmentPack/FurnitureStoreExterior/Cars
  artifactKey: Guid(7b6fc7ce441da4a4db164a892c134c9a) Importer(815301076,1909f56bfc062723c751e8b465ee728b)
Start importing Assets/EnvironmentPack/FurnitureStoreExterior/Cars using Guid(7b6fc7ce441da4a4db164a892c134c9a) Importer(815301076,1909f56bfc062723c751e8b465ee728b)  -> (artifact id: '15571d6802cd3580092e5d8c69ab3316') in 0.003130 seconds 
========================================================================
Received Import Request.
  Time since last request: 0.056740 seconds.
  path: Assets/EnvironmentPack/FurnitureStoreExterior/Cars/Cars.fbx
  artifactKey: Guid(a55bdc65f9010164696c92f3d57a5c79) Importer(815301076,1909f56bfc062723c751e8b465ee728b)
Start importing Assets/EnvironmentPack/FurnitureStoreExterior/Cars/Cars.fbx using Guid(a55bdc65f9010164696c92f3d57a5c79) Importer(815301076,1909f56bfc062723c751e8b465ee728b)  -> (artifact id: '34eaccf283c68aab551c673705b8b166') in 0.427236 seconds 
========================================================================
Received Import Request.
  Time since last request: 3.316909 seconds.
  path: Assets/EnvironmentPack/FurnitureStoreExterior/Material/Floor.mat
  artifactKey: Guid(755be0b697a9d2145ad39ab31ce8b90b) Importer(815301076,1909f56bfc062723c751e8b465ee728b)
Start importing Assets/EnvironmentPack/FurnitureStoreExterior/Material/Floor.mat using Guid(755be0b697a9d2145ad39ab31ce8b90b) Importer(815301076,1909f56bfc062723c751e8b465ee728b)  -> (artifact id: 'd1eb8b1f9294d3b75e20a477919a2aca') in 0.031106 seconds 
========================================================================
Received Import Request.
  Time since last request: 0.000021 seconds.
  path: Assets/EnvironmentPack/FurnitureStoreExterior/Material/Glass.mat
  artifactKey: Guid(e5dc2d69466eac74b9e6b35a53691912) Importer(815301076,1909f56bfc062723c751e8b465ee728b)
Start importing Assets/EnvironmentPack/FurnitureStoreExterior/Material/Glass.mat using Guid(e5dc2d69466eac74b9e6b35a53691912) Importer(815301076,1909f56bfc062723c751e8b465ee728b)  -> (artifact id: '6bd431c0ddeaf8ab8209c0c9f6f41803') in 0.184893 seconds 
========================================================================
Received Import Request.
  Time since last request: 0.000023 seconds.
  path: Assets/EnvironmentPack/FurnitureStoreExterior/Material/Glass_Exterior.mat
  artifactKey: Guid(bd732b08959656b4599269c944d407eb) Importer(815301076,1909f56bfc062723c751e8b465ee728b)
Start importing Assets/EnvironmentPack/FurnitureStoreExterior/Material/Glass_Exterior.mat using Guid(bd732b08959656b4599269c944d407eb) Importer(815301076,1909f56bfc062723c751e8b465ee728b)  -> (artifact id: '737949cc04a54ad63b4d2c41115937af') in 0.011885 seconds 
========================================================================
Received Import Request.
  Time since last request: 0.000030 seconds.
  path: Assets/EnvironmentPack/FurnitureStoreExterior/Material/Ground.mat
  artifactKey: Guid(a9561ef99e65f5847b456dcb0a9af703) Importer(815301076,1909f56bfc062723c751e8b465ee728b)
Start importing Assets/EnvironmentPack/FurnitureStoreExterior/Material/Ground.mat using Guid(a9561ef99e65f5847b456dcb0a9af703) Importer(815301076,1909f56bfc062723c751e8b465ee728b)  -> (artifact id: 'f0a2f87ea27c3e25a44f78735831440c') in 0.012984 seconds 
========================================================================
Received Import Request.
  Time since last request: 0.000021 seconds.
  path: Assets/EnvironmentPack/FurnitureStoreExterior/Material/Road.mat
  artifactKey: Guid(866f9234edf420d4d86c8e554fe45603) Importer(815301076,1909f56bfc062723c751e8b465ee728b)
Start importing Assets/EnvironmentPack/FurnitureStoreExterior/Material/Road.mat using Guid(866f9234edf420d4d86c8e554fe45603) Importer(815301076,1909f56bfc062723c751e8b465ee728b)  -> (artifact id: '92eefe040e2789977195613236828033') in 0.180539 seconds 
========================================================================
Received Import Request.
  Time since last request: 2.110391 seconds.
  path: Assets/EnvironmentPack/FurnitureStoreExterior/Prefabs/Exterior
  artifactKey: Guid(4d135935ba08982469ec4ce660028757) Importer(815301076,1909f56bfc062723c751e8b465ee728b)
Start importing Assets/EnvironmentPack/FurnitureStoreExterior/Prefabs/Exterior using Guid(4d135935ba08982469ec4ce660028757) Importer(815301076,1909f56bfc062723c751e8b465ee728b)  -> (artifact id: 'f4a4c4c6caaadae9350765e8d83ab066') in 0.003004 seconds 
========================================================================
Received Import Request.
  Time since last request: 1.125671 seconds.
  path: Assets/EnvironmentPack/FurnitureStoreExterior/StoreExteriorPostProcessing&Reflection 1/PPP Profile.asset
  artifactKey: Guid(7fc79742f1611f545a07e8062273b330) Importer(815301076,1909f56bfc062723c751e8b465ee728b)
Start importing Assets/EnvironmentPack/FurnitureStoreExterior/StoreExteriorPostProcessing&Reflection 1/PPP Profile.asset using Guid(7fc79742f1611f545a07e8062273b330) Importer(815301076,1909f56bfc062723c751e8b465ee728b)  -> (artifact id: '6b4bd3b54cfb6042d3fdad2b95bc18a9') in 0.005264 seconds 
========================================================================
Received Import Request.
  Time since last request: 5.182320 seconds.
  path: Assets/EnvironmentPack/FurnitureStoreExterior/Textures/Road_00_DIF.png
  artifactKey: Guid(8002ee3e469898c42884c6ab45258bc2) Importer(815301076,1909f56bfc062723c751e8b465ee728b)
Start importing Assets/EnvironmentPack/FurnitureStoreExterior/Textures/Road_00_DIF.png using Guid(8002ee3e469898c42884c6ab45258bc2) Importer(815301076,1909f56bfc062723c751e8b465ee728b)  -> (artifact id: '3cd9464bbf6a6fbe98e386e6110b4cfc') in 0.026482 seconds 
Editor requested this worker to shutdown with reason: Scaling down because of idle timeout
AssetImportWorker is now disconnected from the server
Process exiting
Exiting without the bug reporter. Application will terminate with return code 0